mode: set
github.com/pincherMCP/pincher/internal/ast/extractor.go:97.67,99.18 2 1
github.com/pincherMCP/pincher/internal/ast/extractor.go:100.12,101.38 1 1
github.com/pincherMCP/pincher/internal/ast/extractor.go:102.16,103.42 1 1
github.com/pincherMCP/pincher/internal/ast/extractor.go:104.27,105.46 1 1
github.com/pincherMCP/pincher/internal/ast/extractor.go:106.27,107.46 1 1
github.com/pincherMCP/pincher/internal/ast/extractor.go:108.14,109.40 1 1
github.com/pincherMCP/pincher/internal/ast/extractor.go:110.14,111.40 1 1
github.com/pincherMCP/pincher/internal/ast/extractor.go:112.14,113.40 1 1
github.com/pincherMCP/pincher/internal/ast/extractor.go:114.13,115.39 1 1
github.com/pincherMCP/pincher/internal/ast/extractor.go:116.18,117.37 1 1
github.com/pincherMCP/pincher/internal/ast/extractor.go:118.12,119.42 1 1
github.com/pincherMCP/pincher/internal/ast/extractor.go:120.16,121.42 1 1
github.com/pincherMCP/pincher/internal/ast/extractor.go:122.15,123.41 1 1
github.com/pincherMCP/pincher/internal/ast/extractor.go:124.10,125.23 1 1
github.com/pincherMCP/pincher/internal/ast/extractor.go:127.2,128.32 2 1
github.com/pincherMCP/pincher/internal/ast/extractor.go:128.32,130.3 1 1
github.com/pincherMCP/pincher/internal/ast/extractor.go:131.2,131.15 1 1
github.com/pincherMCP/pincher/internal/ast/extractor.go:138.59,141.16 3 1
github.com/pincherMCP/pincher/internal/ast/extractor.go:141.17,143.3 0 1
github.com/pincherMCP/pincher/internal/ast/extractor.go:144.2,144.14 1 1
github.com/pincherMCP/pincher/internal/ast/extractor.go:144.14,146.3 1 0
github.com/pincherMCP/pincher/internal/ast/extractor.go:148.2,149.19 2 1
github.com/pincherMCP/pincher/internal/ast/extractor.go:149.19,151.3 1 1
github.com/pincherMCP/pincher/internal/ast/extractor.go:153.2,158.19 4 1
github.com/pincherMCP/pincher/internal/ast/extractor.go:158.19,160.3 1 1
github.com/pincherMCP/pincher/internal/ast/extractor.go:163.2,163.32 1 1
github.com/pincherMCP/pincher/internal/ast/extractor.go:163.32,164.22 1 1
github.com/pincherMCP/pincher/internal/ast/extractor.go:164.22,172.4 2 1
github.com/pincherMCP/pincher/internal/ast/extractor.go:176.2,176.31 1 1
github.com/pincherMCP/pincher/internal/ast/extractor.go:176.31,177.27 1 1
github.com/pincherMCP/pincher/internal/ast/extractor.go:178.22,183.21 3 1
github.com/pincherMCP/pincher/internal/ast/extractor.go:183.21,186.5 2 1
github.com/pincherMCP/pincher/internal/ast/extractor.go:188.21,190.52 2 1
github.com/pincherMCP/pincher/internal/ast/extractor.go:194.2,194.15 1 1
github.com/pincherMCP/pincher/internal/ast/extractor.go:197.134,207.43 7 1
github.com/pincherMCP/pincher/internal/ast/extractor.go:207.43,213.3 5 1
github.com/pincherMCP/pincher/internal/ast/extractor.go:215.2,217.27 3 1
github.com/pincherMCP/pincher/internal/ast/extractor.go:217.27,219.41 2 1
github.com/pincherMCP/pincher/internal/ast/extractor.go:219.41,221.4 1 1
github.com/pincherMCP/pincher/internal/ast/extractor.go:222.3,222.38 1 1
github.com/pincherMCP/pincher/internal/ast/extractor.go:225.2,226.18 2 1
github.com/pincherMCP/pincher/internal/ast/extractor.go:226.18,228.3 1 1
github.com/pincherMCP/pincher/internal/ast/extractor.go:230.2,250.3 4 1
github.com/pincherMCP/pincher/internal/ast/extractor.go:253.126,255.31 2 1
github.com/pincherMCP/pincher/internal/ast/extractor.go:255.31,256.28 1 1
github.com/pincherMCP/pincher/internal/ast/extractor.go:257.22,261.26 4 1
github.com/pincherMCP/pincher/internal/ast/extractor.go:262.25,263.19 1 1
github.com/pincherMCP/pincher/internal/ast/extractor.go:264.28,265.23 1 1
github.com/pincherMCP/pincher/internal/ast/extractor.go:267.4,268.20 2 1
github.com/pincherMCP/pincher/internal/ast/extractor.go:268.20,270.5 1 0
github.com/pincherMCP/pincher/internal/ast/extractor.go:271.4,281.6 1 1
github.com/pincherMCP/pincher/internal/ast/extractor.go:284.2,284.13 1 1
github.com/pincherMCP/pincher/internal/ast/extractor.go:287.75,289.42 2 1
github.com/pincherMCP/pincher/internal/ast/extractor.go:289.42,291.10 2 1
github.com/pincherMCP/pincher/internal/ast/extractor.go:291.10,293.4 1 1
github.com/pincherMCP/pincher/internal/ast/extractor.go:294.3,295.19 2 1
github.com/pincherMCP/pincher/internal/ast/extractor.go:295.19,302.4 1 1
github.com/pincherMCP/pincher/internal/ast/extractor.go:303.3,303.14 1 1
github.com/pincherMCP/pincher/internal/ast/extractor.go:305.2,305.14 1 1
github.com/pincherMCP/pincher/internal/ast/extractor.go:308.45,309.26 1 1
github.com/pincherMCP/pincher/internal/ast/extractor.go:310.18,311.16 1 1
github.com/pincherMCP/pincher/internal/ast/extractor.go:312.25,313.50 1 1
github.com/pincherMCP/pincher/internal/ast/extractor.go:314.10,315.12 1 0
github.com/pincherMCP/pincher/internal/ast/extractor.go:319.43,320.26 1 1
github.com/pincherMCP/pincher/internal/ast/extractor.go:321.18,322.16 1 1
github.com/pincherMCP/pincher/internal/ast/extractor.go:323.21,324.35 1 1
github.com/pincherMCP/pincher/internal/ast/extractor.go:325.25,326.48 1 1
github.com/pincherMCP/pincher/internal/ast/extractor.go:327.22,328.38 1 1
github.com/pincherMCP/pincher/internal/ast/extractor.go:329.20,330.72 1 1
github.com/pincherMCP/pincher/internal/ast/extractor.go:331.10,332.13 1 0
github.com/pincherMCP/pincher/internal/ast/extractor.go:336.47,339.43 3 1
github.com/pincherMCP/pincher/internal/ast/extractor.go:339.43,343.3 3 1
github.com/pincherMCP/pincher/internal/ast/extractor.go:344.2,346.26 3 1
github.com/pincherMCP/pincher/internal/ast/extractor.go:346.26,347.40 1 1
github.com/pincherMCP/pincher/internal/ast/extractor.go:347.40,348.13 1 1
github.com/pincherMCP/pincher/internal/ast/extractor.go:348.13,350.5 1 0
github.com/pincherMCP/pincher/internal/ast/extractor.go:351.4,351.30 1 1
github.com/pincherMCP/pincher/internal/ast/extractor.go:351.30,352.14 1 1
github.com/pincherMCP/pincher/internal/ast/extractor.go:352.14,354.6 1 1
github.com/pincherMCP/pincher/internal/ast/extractor.go:355.5,355.27 1 1
github.com/pincherMCP/pincher/internal/ast/extractor.go:357.4,358.42 2 1
github.com/pincherMCP/pincher/internal/ast/extractor.go:361.2,362.27 2 1
github.com/pincherMCP/pincher/internal/ast/extractor.go:362.27,364.35 2 1
github.com/pincherMCP/pincher/internal/ast/extractor.go:364.35,366.4 1 1
github.com/pincherMCP/pincher/internal/ast/extractor.go:367.3,367.41 1 1
github.com/pincherMCP/pincher/internal/ast/extractor.go:367.41,368.13 1 1
github.com/pincherMCP/pincher/internal/ast/extractor.go:368.13,370.5 1 1
github.com/pincherMCP/pincher/internal/ast/extractor.go:371.4,371.42 1 1
github.com/pincherMCP/pincher/internal/ast/extractor.go:373.3,373.35 1 1
github.com/pincherMCP/pincher/internal/ast/extractor.go:373.35,375.4 1 1
github.com/pincherMCP/pincher/internal/ast/extractor.go:377.2,377.20 1 1
github.com/pincherMCP/pincher/internal/ast/extractor.go:394.106,402.35 6 1
github.com/pincherMCP/pincher/internal/ast/extractor.go:402.35,405.33 3 1
github.com/pincherMCP/pincher/internal/ast/extractor.go:405.33,407.4 1 1
github.com/pincherMCP/pincher/internal/ast/extractor.go:410.3,410.24 1 1
github.com/pincherMCP/pincher/internal/ast/extractor.go:410.24,411.58 1 1
github.com/pincherMCP/pincher/internal/ast/extractor.go:411.58,413.19 2 1
github.com/pincherMCP/pincher/internal/ast/extractor.go:413.19,431.6 7 1
github.com/pincherMCP/pincher/internal/ast/extractor.go:436.3,436.32 1 1
github.com/pincherMCP/pincher/internal/ast/extractor.go:436.32,438.4 1 1
github.com/pincherMCP/pincher/internal/ast/extractor.go:441.3,441.28 1 1
github.com/pincherMCP/pincher/internal/ast/extractor.go:441.28,442.62 1 1
github.com/pincherMCP/pincher/internal/ast/extractor.go:442.62,444.19 2 1
github.com/pincherMCP/pincher/internal/ast/extractor.go:444.19,457.6 3 1
github.com/pincherMCP/pincher/internal/ast/extractor.go:462.3,462.23 1 1
github.com/pincherMCP/pincher/internal/ast/extractor.go:462.23,463.57 1 1
github.com/pincherMCP/pincher/internal/ast/extractor.go:463.57,465.19 2 1
github.com/pincherMCP/pincher/internal/ast/extractor.go:465.19,473.6 3 1
github.com/pincherMCP/pincher/internal/ast/extractor.go:478.3,479.47 2 1
github.com/pincherMCP/pincher/internal/ast/extractor.go:479.47,481.4 1 0
github.com/pincherMCP/pincher/internal/ast/extractor.go:482.3,482.25 1 1
github.com/pincherMCP/pincher/internal/ast/extractor.go:482.25,483.59 1 1
github.com/pincherMCP/pincher/internal/ast/extractor.go:483.59,485.19 2 1
github.com/pincherMCP/pincher/internal/ast/extractor.go:485.19,489.24 4 1
github.com/pincherMCP/pincher/internal/ast/extractor.go:489.24,491.7 1 0
github.com/pincherMCP/pincher/internal/ast/extractor.go:493.6,496.28 4 1
github.com/pincherMCP/pincher/internal/ast/extractor.go:496.28,500.7 3 1
github.com/pincherMCP/pincher/internal/ast/extractor.go:502.6,515.8 1 1
github.com/pincherMCP/pincher/internal/ast/extractor.go:521.3,521.25 1 1
github.com/pincherMCP/pincher/internal/ast/extractor.go:521.25,522.59 1 1
github.com/pincherMCP/pincher/internal/ast/extractor.go:522.59,524.18 2 1
github.com/pincherMCP/pincher/internal/ast/extractor.go:524.18,526.6 1 0
github.com/pincherMCP/pincher/internal/ast/extractor.go:527.5,527.18 1 1
github.com/pincherMCP/pincher/internal/ast/extractor.go:527.18,531.6 1 1
github.com/pincherMCP/pincher/internal/ast/extractor.go:535.2,535.15 1 1
github.com/pincherMCP/pincher/internal/ast/extractor.go:554.63,558.38 1 1
github.com/pincherMCP/pincher/internal/ast/extractor.go:558.38,560.4 1 1
github.com/pincherMCP/pincher/internal/ast/extractor.go:561.34,563.4 1 1
github.com/pincherMCP/pincher/internal/ast/extractor.go:565.2,571.12 6 1
github.com/pincherMCP/pincher/internal/ast/extractor.go:582.67,586.38 1 1
github.com/pincherMCP/pincher/internal/ast/extractor.go:586.38,589.4 1 1
github.com/pincherMCP/pincher/internal/ast/extractor.go:590.34,592.4 1 1
github.com/pincherMCP/pincher/internal/ast/extractor.go:594.2,594.58 1 1
github.com/pincherMCP/pincher/internal/ast/extractor.go:607.67,611.38 1 1
github.com/pincherMCP/pincher/internal/ast/extractor.go:611.38,611.53 1 1
github.com/pincherMCP/pincher/internal/ast/extractor.go:612.34,614.4 1 1
github.com/pincherMCP/pincher/internal/ast/extractor.go:616.2,616.58 1 1
github.com/pincherMCP/pincher/internal/ast/extractor.go:627.61,631.38 1 1
github.com/pincherMCP/pincher/internal/ast/extractor.go:631.38,634.4 1 1
github.com/pincherMCP/pincher/internal/ast/extractor.go:635.34,635.50 1 1
github.com/pincherMCP/pincher/internal/ast/extractor.go:637.2,637.54 1 1
github.com/pincherMCP/pincher/internal/ast/extractor.go:648.61,652.38 1 1
github.com/pincherMCP/pincher/internal/ast/extractor.go:652.38,654.4 1 1
github.com/pincherMCP/pincher/internal/ast/extractor.go:655.34,655.50 1 1
github.com/pincherMCP/pincher/internal/ast/extractor.go:657.2,657.54 1 1
github.com/pincherMCP/pincher/internal/ast/extractor.go:665.61,666.82 1 1
github.com/pincherMCP/pincher/internal/ast/extractor.go:666.82,666.97 1 1
github.com/pincherMCP/pincher/internal/ast/extractor.go:666.127,666.143 1 1
github.com/pincherMCP/pincher/internal/ast/extractor.go:667.2,667.54 1 1
github.com/pincherMCP/pincher/internal/ast/extractor.go:675.60,676.84 1 1
github.com/pincherMCP/pincher/internal/ast/extractor.go:676.84,676.99 1 1
github.com/pincherMCP/pincher/internal/ast/extractor.go:676.129,676.145 1 1
github.com/pincherMCP/pincher/internal/ast/extractor.go:677.2,677.52 1 1
github.com/pincherMCP/pincher/internal/ast/extractor.go:684.58,685.84 1 1
github.com/pincherMCP/pincher/internal/ast/extractor.go:685.84,685.99 1 1
github.com/pincherMCP/pincher/internal/ast/extractor.go:685.129,685.145 1 1
github.com/pincherMCP/pincher/internal/ast/extractor.go:686.2,686.48 1 1
github.com/pincherMCP/pincher/internal/ast/extractor.go:695.63,696.83 1 1
github.com/pincherMCP/pincher/internal/ast/extractor.go:696.83,696.98 1 1
github.com/pincherMCP/pincher/internal/ast/extractor.go:696.128,696.144 1 1
github.com/pincherMCP/pincher/internal/ast/extractor.go:697.2,697.50 1 1
github.com/pincherMCP/pincher/internal/ast/extractor.go:705.63,706.83 1 1
github.com/pincherMCP/pincher/internal/ast/extractor.go:706.83,706.98 1 1
github.com/pincherMCP/pincher/internal/ast/extractor.go:706.128,706.144 1 1
github.com/pincherMCP/pincher/internal/ast/extractor.go:707.2,707.58 1 1
github.com/pincherMCP/pincher/internal/ast/extractor.go:716.62,717.83 1 1
github.com/pincherMCP/pincher/internal/ast/extractor.go:717.83,717.98 1 1
github.com/pincherMCP/pincher/internal/ast/extractor.go:717.128,717.144 1 1
github.com/pincherMCP/pincher/internal/ast/extractor.go:718.2,718.56 1 1
github.com/pincherMCP/pincher/internal/ast/extractor.go:726.44,728.27 2 1
github.com/pincherMCP/pincher/internal/ast/extractor.go:728.27,729.37 1 1
github.com/pincherMCP/pincher/internal/ast/extractor.go:729.37,731.4 1 1
github.com/pincherMCP/pincher/internal/ast/extractor.go:733.2,733.16 1 1
github.com/pincherMCP/pincher/internal/ast/extractor.go:737.41,740.16 3 1
github.com/pincherMCP/pincher/internal/ast/extractor.go:740.16,742.3 1 1
github.com/pincherMCP/pincher/internal/ast/extractor.go:743.2,743.14 1 1
github.com/pincherMCP/pincher/internal/ast/extractor.go:749.71,750.32 1 1
github.com/pincherMCP/pincher/internal/ast/extractor.go:750.32,752.3 1 0
github.com/pincherMCP/pincher/internal/ast/extractor.go:753.2,753.20 1 1
github.com/pincherMCP/pincher/internal/ast/extractor.go:753.20,758.39 3 1
github.com/pincherMCP/pincher/internal/ast/extractor.go:758.39,759.27 1 1
github.com/pincherMCP/pincher/internal/ast/extractor.go:759.27,761.5 1 1
github.com/pincherMCP/pincher/internal/ast/extractor.go:762.4,762.9 1 1
github.com/pincherMCP/pincher/internal/ast/extractor.go:764.3,764.31 1 1
github.com/pincherMCP/pincher/internal/ast/extractor.go:767.2,769.45 3 1
github.com/pincherMCP/pincher/internal/ast/extractor.go:769.45,770.29 1 1
github.com/pincherMCP/pincher/internal/ast/extractor.go:770.29,773.4 2 1
github.com/pincherMCP/pincher/internal/ast/extractor.go:773.9,773.38 1 1
github.com/pincherMCP/pincher/internal/ast/extractor.go:773.38,775.29 2 1
github.com/pincherMCP/pincher/internal/ast/extractor.go:775.29,777.5 1 1
github.com/pincherMCP/pincher/internal/ast/extractor.go:780.2,780.20 1 1
github.com/pincherMCP/pincher/internal/ast/extractor.go:784.54,786.15 2 1
github.com/pincherMCP/pincher/internal/ast/extractor.go:786.15,788.33 2 1
github.com/pincherMCP/pincher/internal/ast/extractor.go:788.33,790.4 1 1
github.com/pincherMCP/pincher/internal/ast/extractor.go:790.9,792.4 1 1
github.com/pincherMCP/pincher/internal/ast/extractor.go:794.2,794.15 1 1
github.com/pincherMCP/pincher/internal/ast/extractor.go:798.43,801.50 2 1
github.com/pincherMCP/pincher/internal/ast/extractor.go:801.50,803.3 1 1
github.com/pincherMCP/pincher/internal/ast/extractor.go:805.2,807.13 3 1
github.com/pincherMCP/pincher/internal/ast/extractor.go:812.51,815.30 1 1
github.com/pincherMCP/pincher/internal/ast/extractor.go:815.30,816.17 1 1
github.com/pincherMCP/pincher/internal/ast/extractor.go:816.17,818.4 1 1
github.com/pincherMCP/pincher/internal/ast/extractor.go:820.2,820.11 1 1
github.com/pincherMCP/pincher/internal/ast/extractor.go:824.57,825.15 1 1
github.com/pincherMCP/pincher/internal/ast/extractor.go:825.15,827.3 1 1
github.com/pincherMCP/pincher/internal/ast/extractor.go:828.2,828.17 1 1
github.com/pincherMCP/pincher/internal/ast/extractor.go:832.42,836.30 4 1
github.com/pincherMCP/pincher/internal/ast/extractor.go:836.30,838.3 1 1
github.com/pincherMCP/pincher/internal/ast/extractor.go:839.2,839.14 1 1
github.com/pincherMCP/pincher/internal/ast/extractor.go:843.24,844.11 1 1
github.com/pincherMCP/pincher/internal/ast/extractor.go:844.11,846.3 1 1
github.com/pincherMCP/pincher/internal/ast/extractor.go:847.2,847.10 1 1
github.com/pincherMCP/pincher/internal/ast/languages.go:7.45,9.50 2 1
github.com/pincherMCP/pincher/internal/ast/languages.go:9.50,11.3 1 1
github.com/pincherMCP/pincher/internal/ast/languages.go:12.2,12.13 1 1
github.com/pincherMCP/pincher/internal/ast/languages.go:13.13,14.14 1 1
github.com/pincherMCP/pincher/internal/ast/languages.go:15.21,16.18 1 1
github.com/pincherMCP/pincher/internal/ast/languages.go:17.29,18.22 1 1
github.com/pincherMCP/pincher/internal/ast/languages.go:19.14,20.15 1 1
github.com/pincherMCP/pincher/internal/ast/languages.go:21.13,22.22 1 1
github.com/pincherMCP/pincher/internal/ast/languages.go:23.14,24.15 1 1
github.com/pincherMCP/pincher/internal/ast/languages.go:25.13,26.16 1 1
github.com/pincherMCP/pincher/internal/ast/languages.go:27.15,28.16 1 1
github.com/pincherMCP/pincher/internal/ast/languages.go:29.22,30.16 1 1
github.com/pincherMCP/pincher/internal/ast/languages.go:31.14,32.15 1 1
github.com/pincherMCP/pincher/internal/ast/languages.go:33.18,34.13 1 1
github.com/pincherMCP/pincher/internal/ast/languages.go:35.44,36.15 1 1
github.com/pincherMCP/pincher/internal/ast/languages.go:37.13,38.14 1 1
github.com/pincherMCP/pincher/internal/ast/languages.go:39.21,40.18 1 1
github.com/pincherMCP/pincher/internal/ast/languages.go:41.16,42.17 1 1
github.com/pincherMCP/pincher/internal/ast/languages.go:43.16,44.17 1 0
github.com/pincherMCP/pincher/internal/ast/languages.go:45.14,46.15 1 0
github.com/pincherMCP/pincher/internal/ast/languages.go:47.14,48.15 1 0
github.com/pincherMCP/pincher/internal/ast/languages.go:49.21,50.18 1 0
github.com/pincherMCP/pincher/internal/ast/languages.go:51.13,52.19 1 0
github.com/pincherMCP/pincher/internal/ast/languages.go:53.15,54.16 1 0
github.com/pincherMCP/pincher/internal/ast/languages.go:55.22,56.16 1 1
github.com/pincherMCP/pincher/internal/ast/languages.go:57.12,58.13 1 0
github.com/pincherMCP/pincher/internal/ast/languages.go:59.10,60.12 1 1
github.com/pincherMCP/pincher/internal/ast/languages.go:65.41,67.2 1 1
github.com/pincherMCP/pincher/internal/ast/languages.go:70.36,76.2 1 1
github.com/pincherMCP/pincher/internal/cypher/engine.go:41.80,43.16 2 1
github.com/pincherMCP/pincher/internal/cypher/engine.go:43.16,45.3 1 0
github.com/pincherMCP/pincher/internal/cypher/engine.go:46.2,46.22 1 1
github.com/pincherMCP/pincher/internal/cypher/engine.go:95.45,98.2 2 1
github.com/pincherMCP/pincher/internal/cypher/engine.go:110.33,113.17 3 1
github.com/pincherMCP/pincher/internal/cypher/engine.go:113.17,116.54 2 1
github.com/pincherMCP/pincher/internal/cypher/engine.go:116.54,118.12 2 1
github.com/pincherMCP/pincher/internal/cypher/engine.go:121.3,121.28 1 1
github.com/pincherMCP/pincher/internal/cypher/engine.go:121.28,123.32 2 1
github.com/pincherMCP/pincher/internal/cypher/engine.go:123.32,124.21 1 1
github.com/pincherMCP/pincher/internal/cypher/engine.go:124.21,126.6 1 0
github.com/pincherMCP/pincher/internal/cypher/engine.go:127.5,127.8 1 1
github.com/pincherMCP/pincher/internal/cypher/engine.go:129.4,131.12 3 1
github.com/pincherMCP/pincher/internal/cypher/engine.go:134.3,135.43 2 1
github.com/pincherMCP/pincher/internal/cypher/engine.go:135.43,137.49 1 1
github.com/pincherMCP/pincher/internal/cypher/engine.go:137.49,140.13 3 1
github.com/pincherMCP/pincher/internal/cypher/engine.go:142.4,145.49 1 1
github.com/pincherMCP/pincher/internal/cypher/engine.go:145.49,148.13 3 1
github.com/pincherMCP/pincher/internal/cypher/engine.go:151.4,151.16 1 1
github.com/pincherMCP/pincher/internal/cypher/engine.go:151.16,154.67 3 1
github.com/pincherMCP/pincher/internal/cypher/engine.go:154.67,157.6 2 1
github.com/pincherMCP/pincher/internal/cypher/engine.go:158.5,160.13 3 1
github.com/pincherMCP/pincher/internal/cypher/engine.go:162.4,164.12 3 1
github.com/pincherMCP/pincher/internal/cypher/engine.go:167.3,167.27 1 1
github.com/pincherMCP/pincher/internal/cypher/engine.go:167.27,169.49 2 1
github.com/pincherMCP/pincher/internal/cypher/engine.go:169.49,171.5 1 1
github.com/pincherMCP/pincher/internal/cypher/engine.go:172.4,174.12 3 1
github.com/pincherMCP/pincher/internal/cypher/engine.go:177.3,177.67 1 1
github.com/pincherMCP/pincher/internal/cypher/engine.go:177.67,180.50 2 1
github.com/pincherMCP/pincher/internal/cypher/engine.go:180.50,182.5 1 1
github.com/pincherMCP/pincher/internal/cypher/engine.go:183.4,186.17 4 1
github.com/pincherMCP/pincher/internal/cypher/engine.go:189.50,191.17 2 1
github.com/pincherMCP/pincher/internal/cypher/engine.go:193.4,195.12 3 1
github.com/pincherMCP/pincher/internal/cypher/engine.go:197.3,197.6 1 0
github.com/pincherMCP/pincher/internal/cypher/engine.go:199.2,199.15 1 1
github.com/pincherMCP/pincher/internal/cypher/engine.go:202.31,203.28 1 1
github.com/pincherMCP/pincher/internal/cypher/engine.go:203.28,205.3 1 1
github.com/pincherMCP/pincher/internal/cypher/engine.go:206.2,206.24 1 1
github.com/pincherMCP/pincher/internal/cypher/engine.go:209.31,213.2 3 1
github.com/pincherMCP/pincher/internal/cypher/engine.go:215.35,216.27 1 1
github.com/pincherMCP/pincher/internal/cypher/engine.go:216.27,218.3 1 1
github.com/pincherMCP/pincher/internal/cypher/engine.go:221.50,224.28 2 1
github.com/pincherMCP/pincher/internal/cypher/engine.go:224.28,226.18 2 1
github.com/pincherMCP/pincher/internal/cypher/engine.go:227.16,230.18 3 1
github.com/pincherMCP/pincher/internal/cypher/engine.go:230.18,232.5 1 0
github.com/pincherMCP/pincher/internal/cypher/engine.go:233.4,233.40 1 1
github.com/pincherMCP/pincher/internal/cypher/engine.go:235.16,238.18 3 1
github.com/pincherMCP/pincher/internal/cypher/engine.go:238.18,240.5 1 0
github.com/pincherMCP/pincher/internal/cypher/engine.go:241.4,241.49 1 1
github.com/pincherMCP/pincher/internal/cypher/engine.go:243.17,245.36 2 1
github.com/pincherMCP/pincher/internal/cypher/engine.go:245.36,248.5 2 1
github.com/pincherMCP/pincher/internal/cypher/engine.go:249.4,250.18 2 1
github.com/pincherMCP/pincher/internal/cypher/engine.go:250.18,252.5 1 0
github.com/pincherMCP/pincher/internal/cypher/engine.go:253.4,253.23 1 1
github.com/pincherMCP/pincher/internal/cypher/engine.go:255.16,259.29 4 1
github.com/pincherMCP/pincher/internal/cypher/engine.go:259.29,262.5 2 1
github.com/pincherMCP/pincher/internal/cypher/engine.go:263.4,263.32 1 1
github.com/pincherMCP/pincher/internal/cypher/engine.go:263.32,266.5 2 1
github.com/pincherMCP/pincher/internal/cypher/engine.go:266.10,266.38 1 1
github.com/pincherMCP/pincher/internal/cypher/engine.go:266.38,268.5 1 1
github.com/pincherMCP/pincher/internal/cypher/engine.go:270.16,272.33 2 1
github.com/pincherMCP/pincher/internal/cypher/engine.go:272.33,275.5 2 1
github.com/pincherMCP/pincher/internal/cypher/engine.go:277.11,278.12 1 1
github.com/pincherMCP/pincher/internal/cypher/engine.go:281.2,281.15 1 1
github.com/pincherMCP/pincher/internal/cypher/engine.go:284.50,290.27 4 1
github.com/pincherMCP/pincher/internal/cypher/engine.go:290.27,293.3 2 1
github.com/pincherMCP/pincher/internal/cypher/engine.go:294.2,294.27 1 1
github.com/pincherMCP/pincher/internal/cypher/engine.go:294.27,296.3 1 1
github.com/pincherMCP/pincher/internal/cypher/engine.go:297.2,300.52 2 1
github.com/pincherMCP/pincher/internal/cypher/engine.go:300.52,302.28 2 1
github.com/pincherMCP/pincher/internal/cypher/engine.go:302.28,304.32 2 1
github.com/pincherMCP/pincher/internal/cypher/engine.go:304.32,306.5 1 0
github.com/pincherMCP/pincher/internal/cypher/engine.go:307.4,307.29 1 1
github.com/pincherMCP/pincher/internal/cypher/engine.go:307.29,309.34 2 1
github.com/pincherMCP/pincher/internal/cypher/engine.go:309.34,311.31 2 1
github.com/pincherMCP/pincher/internal/cypher/engine.go:311.31,313.7 1 0
github.com/pincherMCP/pincher/internal/cypher/engine.go:313.12,314.12 1 1
github.com/pincherMCP/pincher/internal/cypher/engine.go:318.4,318.31 1 1
github.com/pincherMCP/pincher/internal/cypher/engine.go:318.31,321.5 2 1
github.com/pincherMCP/pincher/internal/cypher/engine.go:322.4,322.15 1 1
github.com/pincherMCP/pincher/internal/cypher/engine.go:325.3,325.25 1 1
github.com/pincherMCP/pincher/internal/cypher/engine.go:326.13,328.23 2 1
github.com/pincherMCP/pincher/internal/cypher/engine.go:329.12,331.29 2 0
github.com/pincherMCP/pincher/internal/cypher/engine.go:331.29,334.5 2 0
github.com/pincherMCP/pincher/internal/cypher/engine.go:338.3,338.28 1 1
github.com/pincherMCP/pincher/internal/cypher/engine.go:338.28,341.29 3 1
github.com/pincherMCP/pincher/internal/cypher/engine.go:341.29,344.5 2 1
github.com/pincherMCP/pincher/internal/cypher/engine.go:345.4,345.29 1 1
github.com/pincherMCP/pincher/internal/cypher/engine.go:345.29,347.5 1 1
github.com/pincherMCP/pincher/internal/cypher/engine.go:348.4,348.15 1 1
github.com/pincherMCP/pincher/internal/cypher/engine.go:351.2,351.17 1 1
github.com/pincherMCP/pincher/internal/cypher/engine.go:354.49,357.54 3 1
github.com/pincherMCP/pincher/internal/cypher/engine.go:357.54,363.3 5 1
github.com/pincherMCP/pincher/internal/cypher/engine.go:364.2,365.14 2 1
github.com/pincherMCP/pincher/internal/cypher/engine.go:368.57,370.6 2 1
github.com/pincherMCP/pincher/internal/cypher/engine.go:370.6,372.17 2 1
github.com/pincherMCP/pincher/internal/cypher/engine.go:372.17,374.4 1 1
github.com/pincherMCP/pincher/internal/cypher/engine.go:375.3,376.56 2 1
github.com/pincherMCP/pincher/internal/cypher/engine.go:376.56,377.9 1 1
github.com/pincherMCP/pincher/internal/cypher/engine.go:379.3,379.11 1 1
github.com/pincherMCP/pincher/internal/cypher/engine.go:381.2,381.19 1 1
github.com/pincherMCP/pincher/internal/cypher/engine.go:384.57,390.27 4 1
github.com/pincherMCP/pincher/internal/cypher/engine.go:390.27,393.3 2 1
github.com/pincherMCP/pincher/internal/cypher/engine.go:396.2,396.24 1 1
github.com/pincherMCP/pincher/internal/cypher/engine.go:397.45,399.27 2 1
github.com/pincherMCP/pincher/internal/cypher/engine.go:400.18,403.27 3 1
github.com/pincherMCP/pincher/internal/cypher/engine.go:404.16,408.27 4 1
github.com/pincherMCP/pincher/internal/cypher/engine.go:409.10,410.67 1 1
github.com/pincherMCP/pincher/internal/cypher/engine.go:412.2,412.15 1 1
github.com/pincherMCP/pincher/internal/cypher/engine.go:415.53,417.6 2 1
github.com/pincherMCP/pincher/internal/cypher/engine.go:417.6,422.25 3 1
github.com/pincherMCP/pincher/internal/cypher/engine.go:422.25,428.4 5 1
github.com/pincherMCP/pincher/internal/cypher/engine.go:428.9,430.29 2 1
github.com/pincherMCP/pincher/internal/cypher/engine.go:430.29,433.5 2 1
github.com/pincherMCP/pincher/internal/cypher/engine.go:437.3,437.85 1 1
github.com/pincherMCP/pincher/internal/cypher/engine.go:437.85,440.4 2 1
github.com/pincherMCP/pincher/internal/cypher/engine.go:442.3,444.28 2 1
github.com/pincherMCP/pincher/internal/cypher/engine.go:444.28,445.9 1 1
github.com/pincherMCP/pincher/internal/cypher/engine.go:447.3,451.79 3 1
github.com/pincherMCP/pincher/internal/cypher/engine.go:451.79,452.9 1 0
github.com/pincherMCP/pincher/internal/cypher/engine.go:455.2,455.18 1 1
github.com/pincherMCP/pincher/internal/cypher/engine.go:458.41,460.13 2 1
github.com/pincherMCP/pincher/internal/cypher/engine.go:460.13,462.3 1 1
github.com/pincherMCP/pincher/internal/cypher/engine.go:463.2,464.21 2 1
github.com/pincherMCP/pincher/internal/cypher/engine.go:464.21,467.3 2 1
github.com/pincherMCP/pincher/internal/cypher/engine.go:467.8,467.46 1 1
github.com/pincherMCP/pincher/internal/cypher/engine.go:467.46,470.3 2 1
github.com/pincherMCP/pincher/internal/cypher/engine.go:471.2,471.13 1 1
github.com/pincherMCP/pincher/internal/cypher/engine.go:471.13,473.3 1 0
github.com/pincherMCP/pincher/internal/cypher/engine.go:474.2,474.15 1 1
github.com/pincherMCP/pincher/internal/cypher/engine.go:474.15,476.3 1 0
github.com/pincherMCP/pincher/internal/cypher/engine.go:477.2,477.8 1 1
github.com/pincherMCP/pincher/internal/cypher/engine.go:502.34,503.20 1 1
github.com/pincherMCP/pincher/internal/cypher/engine.go:503.20,505.3 1 1
github.com/pincherMCP/pincher/internal/cypher/engine.go:506.2,506.23 1 1
github.com/pincherMCP/pincher/internal/cypher/engine.go:506.23,508.3 1 1
github.com/pincherMCP/pincher/internal/cypher/engine.go:509.2,509.18 1 1
github.com/pincherMCP/pincher/internal/cypher/engine.go:512.75,513.26 1 1
github.com/pincherMCP/pincher/internal/cypher/engine.go:513.26,515.3 1 1
github.com/pincherMCP/pincher/internal/cypher/engine.go:517.2,520.21 2 1
github.com/pincherMCP/pincher/internal/cypher/engine.go:520.21,522.3 1 1
github.com/pincherMCP/pincher/internal/cypher/engine.go:525.2,525.42 1 1
github.com/pincherMCP/pincher/internal/cypher/engine.go:525.42,527.3 1 1
github.com/pincherMCP/pincher/internal/cypher/engine.go:530.2,530.30 1 1
github.com/pincherMCP/pincher/internal/cypher/engine.go:534.96,541.24 3 1
github.com/pincherMCP/pincher/internal/cypher/engine.go:541.24,544.3 2 1
github.com/pincherMCP/pincher/internal/cypher/engine.go:545.2,545.34 1 1
github.com/pincherMCP/pincher/internal/cypher/engine.go:545.34,547.16 2 1
github.com/pincherMCP/pincher/internal/cypher/engine.go:547.16,550.4 2 1
github.com/pincherMCP/pincher/internal/cypher/engine.go:554.2,555.33 2 1
github.com/pincherMCP/pincher/internal/cypher/engine.go:555.33,556.32 1 1
github.com/pincherMCP/pincher/internal/cypher/engine.go:556.32,557.12 1 0
github.com/pincherMCP/pincher/internal/cypher/engine.go:559.3,560.80 2 1
github.com/pincherMCP/pincher/internal/cypher/engine.go:560.80,561.16 1 1
github.com/pincherMCP/pincher/internal/cypher/engine.go:562.13,564.33 2 1
github.com/pincherMCP/pincher/internal/cypher/engine.go:565.20,567.41 2 1
github.com/pincherMCP/pincher/internal/cypher/engine.go:568.23,570.37 2 1
github.com/pincherMCP/pincher/internal/cypher/engine.go:572.9,574.4 1 1
github.com/pincherMCP/pincher/internal/cypher/engine.go:577.2,581.16 4 1
github.com/pincherMCP/pincher/internal/cypher/engine.go:581.16,583.3 1 0
github.com/pincherMCP/pincher/internal/cypher/engine.go:584.2,587.18 3 1
github.com/pincherMCP/pincher/internal/cypher/engine.go:587.18,589.17 2 1
github.com/pincherMCP/pincher/internal/cypher/engine.go:589.17,591.4 1 0
github.com/pincherMCP/pincher/internal/cypher/engine.go:592.3,594.38 2 1
github.com/pincherMCP/pincher/internal/cypher/engine.go:594.38,595.12 1 1
github.com/pincherMCP/pincher/internal/cypher/engine.go:597.3,597.27 1 1
github.com/pincherMCP/pincher/internal/cypher/engine.go:599.2,599.35 1 1
github.com/pincherMCP/pincher/internal/cypher/engine.go:599.35,601.3 1 0
github.com/pincherMCP/pincher/internal/cypher/engine.go:603.2,603.30 1 1
github.com/pincherMCP/pincher/internal/cypher/engine.go:608.97,612.28 3 1
github.com/pincherMCP/pincher/internal/cypher/engine.go:612.28,616.35 4 1
github.com/pincherMCP/pincher/internal/cypher/engine.go:616.35,618.4 1 1
github.com/pincherMCP/pincher/internal/cypher/engine.go:621.2,637.24 4 1
github.com/pincherMCP/pincher/internal/cypher/engine.go:637.24,640.3 2 1
github.com/pincherMCP/pincher/internal/cypher/engine.go:641.2,641.22 1 1
github.com/pincherMCP/pincher/internal/cypher/engine.go:641.22,644.3 2 1
github.com/pincherMCP/pincher/internal/cypher/engine.go:647.2,648.33 2 1
github.com/pincherMCP/pincher/internal/cypher/engine.go:648.33,650.30 2 1
github.com/pincherMCP/pincher/internal/cypher/engine.go:650.30,652.4 1 0
github.com/pincherMCP/pincher/internal/cypher/engine.go:652.9,652.39 1 1
github.com/pincherMCP/pincher/internal/cypher/engine.go:652.39,654.12 2 0
github.com/pincherMCP/pincher/internal/cypher/engine.go:656.3,657.80 2 1
github.com/pincherMCP/pincher/internal/cypher/engine.go:657.80,658.16 1 1
github.com/pincherMCP/pincher/internal/cypher/engine.go:659.13,661.33 2 1
github.com/pincherMCP/pincher/internal/cypher/engine.go:662.20,664.41 2 0
github.com/pincherMCP/pincher/internal/cypher/engine.go:665.23,667.37 2 0
github.com/pincherMCP/pincher/internal/cypher/engine.go:669.9,671.4 1 0
github.com/pincherMCP/pincher/internal/cypher/engine.go:674.2,678.16 4 1
github.com/pincherMCP/pincher/internal/cypher/engine.go:678.16,680.3 1 0
github.com/pincherMCP/pincher/internal/cypher/engine.go:681.2,684.18 3 1
github.com/pincherMCP/pincher/internal/cypher/engine.go:684.18,686.17 2 1
github.com/pincherMCP/pincher/internal/cypher/engine.go:686.17,688.4 1 0
github.com/pincherMCP/pincher/internal/cypher/engine.go:689.3,690.53 2 1
github.com/pincherMCP/pincher/internal/cypher/engine.go:690.53,692.4 1 1
github.com/pincherMCP/pincher/internal/cypher/engine.go:693.3,693.51 1 1
github.com/pincherMCP/pincher/internal/cypher/engine.go:693.51,695.4 1 1
github.com/pincherMCP/pincher/internal/cypher/engine.go:696.3,696.24 1 1
github.com/pincherMCP/pincher/internal/cypher/engine.go:696.24,699.4 2 0
github.com/pincherMCP/pincher/internal/cypher/engine.go:700.3,700.38 1 1
github.com/pincherMCP/pincher/internal/cypher/engine.go:700.38,701.12 1 0
github.com/pincherMCP/pincher/internal/cypher/engine.go:703.3,703.37 1 1
github.com/pincherMCP/pincher/internal/cypher/engine.go:705.2,705.35 1 1
github.com/pincherMCP/pincher/internal/cypher/engine.go:705.35,707.3 1 0
github.com/pincherMCP/pincher/internal/cypher/engine.go:709.2,709.35 1 1
github.com/pincherMCP/pincher/internal/cypher/engine.go:724.91,732.24 3 1
github.com/pincherMCP/pincher/internal/cypher/engine.go:732.24,735.3 2 0
github.com/pincherMCP/pincher/internal/cypher/engine.go:736.2,736.33 1 1
github.com/pincherMCP/pincher/internal/cypher/engine.go:736.33,737.32 1 1
github.com/pincherMCP/pincher/internal/cypher/engine.go:737.32,738.12 1 0
github.com/pincherMCP/pincher/internal/cypher/engine.go:740.3,741.31 2 1
github.com/pincherMCP/pincher/internal/cypher/engine.go:741.31,744.4 2 1
github.com/pincherMCP/pincher/internal/cypher/engine.go:746.2,749.16 3 1
github.com/pincherMCP/pincher/internal/cypher/engine.go:749.16,751.3 1 0
github.com/pincherMCP/pincher/internal/cypher/engine.go:752.2,755.19 3 1
github.com/pincherMCP/pincher/internal/cypher/engine.go:755.19,757.17 2 1
github.com/pincherMCP/pincher/internal/cypher/engine.go:757.17,759.4 1 0
github.com/pincherMCP/pincher/internal/cypher/engine.go:760.3,760.37 1 1
github.com/pincherMCP/pincher/internal/cypher/engine.go:762.2,765.25 3 1
github.com/pincherMCP/pincher/internal/cypher/engine.go:765.25,767.3 1 0
github.com/pincherMCP/pincher/internal/cypher/engine.go:769.2,770.19 2 1
github.com/pincherMCP/pincher/internal/cypher/engine.go:770.19,772.3 1 0
github.com/pincherMCP/pincher/internal/cypher/engine.go:774.2,775.35 2 1
github.com/pincherMCP/pincher/internal/cypher/engine.go:775.35,777.17 2 1
github.com/pincherMCP/pincher/internal/cypher/engine.go:777.17,778.12 1 0
github.com/pincherMCP/pincher/internal/cypher/engine.go:780.3,780.28 1 1
github.com/pincherMCP/pincher/internal/cypher/engine.go:780.28,782.54 2 1
github.com/pincherMCP/pincher/internal/cypher/engine.go:782.54,784.5 1 1
github.com/pincherMCP/pincher/internal/cypher/engine.go:785.4,785.55 1 1
github.com/pincherMCP/pincher/internal/cypher/engine.go:785.55,787.5 1 1
github.com/pincherMCP/pincher/internal/cypher/engine.go:788.4,790.40 3 1
github.com/pincherMCP/pincher/internal/cypher/engine.go:790.40,791.14 1 0
github.com/pincherMCP/pincher/internal/cypher/engine.go:796.2,796.35 1 1
github.com/pincherMCP/pincher/internal/cypher/engine.go:802.123,827.26 5 1
github.com/pincherMCP/pincher/internal/cypher/engine.go:827.26,829.3 1 1
github.com/pincherMCP/pincher/internal/cypher/engine.go:830.2,833.16 3 1
github.com/pincherMCP/pincher/internal/cypher/engine.go:833.16,835.3 1 0
github.com/pincherMCP/pincher/internal/cypher/engine.go:836.2,839.18 3 1
github.com/pincherMCP/pincher/internal/cypher/engine.go:839.18,847.17 4 1
github.com/pincherMCP/pincher/internal/cypher/engine.go:847.17,849.4 1 0
github.com/pincherMCP/pincher/internal/cypher/engine.go:850.3,852.54 3 1
github.com/pincherMCP/pincher/internal/cypher/engine.go:854.2,854.25 1 1
github.com/pincherMCP/pincher/internal/cypher/engine.go:861.74,865.34 3 1
github.com/pincherMCP/pincher/internal/cypher/engine.go:865.34,866.23 1 1
github.com/pincherMCP/pincher/internal/cypher/engine.go:866.23,868.17 2 1
github.com/pincherMCP/pincher/internal/cypher/engine.go:868.17,870.5 1 1
github.com/pincherMCP/pincher/internal/cypher/engine.go:871.4,872.19 2 1
github.com/pincherMCP/pincher/internal/cypher/engine.go:873.9,875.25 2 1
github.com/pincherMCP/pincher/internal/cypher/engine.go:875.25,877.5 1 1
github.com/pincherMCP/pincher/internal/cypher/engine.go:878.4,878.22 1 1
github.com/pincherMCP/pincher/internal/cypher/engine.go:878.22,880.5 1 0
github.com/pincherMCP/pincher/internal/cypher/engine.go:881.4,881.28 1 1
github.com/pincherMCP/pincher/internal/cypher/engine.go:885.2,885.20 1 1
github.com/pincherMCP/pincher/internal/cypher/engine.go:885.20,887.23 1 1
github.com/pincherMCP/pincher/internal/cypher/engine.go:887.23,888.30 1 0
github.com/pincherMCP/pincher/internal/cypher/engine.go:888.30,889.35 1 0
github.com/pincherMCP/pincher/internal/cypher/engine.go:889.35,891.6 1 0
github.com/pincherMCP/pincher/internal/cypher/engine.go:893.4,893.22 1 0
github.com/pincherMCP/pincher/internal/cypher/engine.go:897.2,897.14 1 1
github.com/pincherMCP/pincher/internal/cypher/engine.go:897.14,901.35 3 1
github.com/pincherMCP/pincher/internal/cypher/engine.go:901.35,902.24 1 1
github.com/pincherMCP/pincher/internal/cypher/engine.go:902.24,904.18 2 1
github.com/pincherMCP/pincher/internal/cypher/engine.go:904.18,906.6 1 1
github.com/pincherMCP/pincher/internal/cypher/engine.go:907.5,907.21 1 1
github.com/pincherMCP/pincher/internal/cypher/engine.go:910.3,910.76 1 1
github.com/pincherMCP/pincher/internal/cypher/engine.go:914.2,916.30 3 1
github.com/pincherMCP/pincher/internal/cypher/engine.go:916.30,918.35 2 1
github.com/pincherMCP/pincher/internal/cypher/engine.go:918.35,920.25 2 1
github.com/pincherMCP/pincher/internal/cypher/engine.go:920.25,923.5 2 1
github.com/pincherMCP/pincher/internal/cypher/engine.go:923.10,926.5 1 0
github.com/pincherMCP/pincher/internal/cypher/engine.go:927.4,927.21 1 1
github.com/pincherMCP/pincher/internal/cypher/engine.go:929.3,929.29 1 1
github.com/pincherMCP/pincher/internal/cypher/engine.go:929.29,931.4 1 0
github.com/pincherMCP/pincher/internal/cypher/engine.go:932.3,932.17 1 1
github.com/pincherMCP/pincher/internal/cypher/engine.go:932.17,934.17 2 1
github.com/pincherMCP/pincher/internal/cypher/engine.go:934.17,935.13 1 1
github.com/pincherMCP/pincher/internal/cypher/engine.go:937.4,937.20 1 1
github.com/pincherMCP/pincher/internal/cypher/engine.go:939.3,939.36 1 1
github.com/pincherMCP/pincher/internal/cypher/engine.go:943.2,943.21 1 1
github.com/pincherMCP/pincher/internal/cypher/engine.go:943.21,944.51 1 0
github.com/pincherMCP/pincher/internal/cypher/engine.go:944.51,947.28 3 0
github.com/pincherMCP/pincher/internal/cypher/engine.go:947.28,949.5 1 0
github.com/pincherMCP/pincher/internal/cypher/engine.go:950.4,950.18 1 0
github.com/pincherMCP/pincher/internal/cypher/engine.go:955.2,956.16 2 1
github.com/pincherMCP/pincher/internal/cypher/engine.go:956.16,958.3 1 0
github.com/pincherMCP/pincher/internal/cypher/engine.go:959.2,959.28 1 1
github.com/pincherMCP/pincher/internal/cypher/engine.go:959.28,961.3 1 1
github.com/pincherMCP/pincher/internal/cypher/engine.go:963.2,963.76 1 1
github.com/pincherMCP/pincher/internal/cypher/engine.go:970.50,977.16 3 1
github.com/pincherMCP/pincher/internal/cypher/engine.go:977.16,979.3 1 0
github.com/pincherMCP/pincher/internal/cypher/engine.go:980.2,982.16 3 1
github.com/pincherMCP/pincher/internal/cypher/engine.go:985.91,1003.2 9 1
github.com/pincherMCP/pincher/internal/cypher/engine.go:1005.60,1023.2 2 1
github.com/pincherMCP/pincher/internal/cypher/engine.go:1026.42,1027.14 1 1
github.com/pincherMCP/pincher/internal/cypher/engine.go:1028.14,1029.16 1 1
github.com/pincherMCP/pincher/internal/cypher/engine.go:1030.30,1031.26 1 1
github.com/pincherMCP/pincher/internal/cypher/engine.go:1032.23,1033.16 1 1
github.com/pincherMCP/pincher/internal/cypher/engine.go:1034.19,1035.21 1 1
github.com/pincherMCP/pincher/internal/cypher/engine.go:1036.18,1037.20 1 1
github.com/pincherMCP/pincher/internal/cypher/engine.go:1038.20,1039.22 1 0
github.com/pincherMCP/pincher/internal/cypher/engine.go:1040.18,1041.20 1 0
github.com/pincherMCP/pincher/internal/cypher/engine.go:1042.10,1043.12 1 1
github.com/pincherMCP/pincher/internal/cypher/engine.go:1049.68,1050.26 1 1
github.com/pincherMCP/pincher/internal/cypher/engine.go:1050.26,1054.15 3 1
github.com/pincherMCP/pincher/internal/cypher/engine.go:1055.12,1056.25 1 1
github.com/pincherMCP/pincher/internal/cypher/engine.go:1056.25,1058.5 1 1
github.com/pincherMCP/pincher/internal/cypher/engine.go:1059.13,1060.25 1 1
github.com/pincherMCP/pincher/internal/cypher/engine.go:1060.25,1062.5 1 1
github.com/pincherMCP/pincher/internal/cypher/engine.go:1063.13,1065.45 2 1
github.com/pincherMCP/pincher/internal/cypher/engine.go:1065.45,1067.5 1 1
github.com/pincherMCP/pincher/internal/cypher/engine.go:1068.19,1069.42 1 1
github.com/pincherMCP/pincher/internal/cypher/engine.go:1069.42,1071.5 1 1
github.com/pincherMCP/pincher/internal/cypher/engine.go:1072.22,1073.43 1 1
github.com/pincherMCP/pincher/internal/cypher/engine.go:1073.43,1075.5 1 0
github.com/pincherMCP/pincher/internal/cypher/engine.go:1076.29,1079.34 3 1
github.com/pincherMCP/pincher/internal/cypher/engine.go:1079.34,1081.5 1 0
github.com/pincherMCP/pincher/internal/cypher/engine.go:1082.4,1082.16 1 1
github.com/pincherMCP/pincher/internal/cypher/engine.go:1083.13,1084.19 1 1
github.com/pincherMCP/pincher/internal/cypher/engine.go:1084.19,1086.6 1 1
github.com/pincherMCP/pincher/internal/cypher/engine.go:1087.13,1088.19 1 1
github.com/pincherMCP/pincher/internal/cypher/engine.go:1088.19,1090.6 1 1
github.com/pincherMCP/pincher/internal/cypher/engine.go:1091.14,1092.20 1 0
github.com/pincherMCP/pincher/internal/cypher/engine.go:1092.20,1094.6 1 0
github.com/pincherMCP/pincher/internal/cypher/engine.go:1095.14,1096.20 1 0
github.com/pincherMCP/pincher/internal/cypher/engine.go:1096.20,1098.6 1 0
github.com/pincherMCP/pincher/internal/cypher/engine.go:1102.2,1102.13 1 1
github.com/pincherMCP/pincher/internal/cypher/engine.go:1106.43,1113.2 1 1
github.com/pincherMCP/pincher/internal/cypher/engine.go:1116.34,1117.26 1 1
github.com/pincherMCP/pincher/internal/cypher/engine.go:1117.26,1119.3 1 1
github.com/pincherMCP/pincher/internal/cypher/engine.go:1120.2,1120.30 1 1
github.com/pincherMCP/pincher/internal/index/indexer.go:37.36,42.2 1 1
github.com/pincherMCP/pincher/internal/index/indexer.go:58.99,60.16 2 1
github.com/pincherMCP/pincher/internal/index/indexer.go:60.16,62.3 1 0
github.com/pincherMCP/pincher/internal/index/indexer.go:64.2,69.27 4 1
github.com/pincherMCP/pincher/internal/index/indexer.go:69.27,72.3 2 1
github.com/pincherMCP/pincher/internal/index/indexer.go:73.2,75.15 3 1
github.com/pincherMCP/pincher/internal/index/indexer.go:75.15,79.3 3 1
github.com/pincherMCP/pincher/internal/index/indexer.go:81.2,89.17 2 1
github.com/pincherMCP/pincher/internal/index/indexer.go:89.17,91.3 1 0
github.com/pincherMCP/pincher/internal/index/indexer.go:94.2,99.12 4 1
github.com/pincherMCP/pincher/internal/index/indexer.go:99.12,100.40 1 1
github.com/pincherMCP/pincher/internal/index/indexer.go:100.40,102.4 1 0
github.com/pincherMCP/pincher/internal/index/indexer.go:105.2,117.37 2 1
github.com/pincherMCP/pincher/internal/index/indexer.go:117.37,119.30 2 1
github.com/pincherMCP/pincher/internal/index/indexer.go:119.30,120.12 1 1
github.com/pincherMCP/pincher/internal/index/indexer.go:124.3,125.21 2 1
github.com/pincherMCP/pincher/internal/index/indexer.go:125.21,127.12 2 0
github.com/pincherMCP/pincher/internal/index/indexer.go:131.3,135.13 4 1
github.com/pincherMCP/pincher/internal/index/indexer.go:135.13,137.22 2 1
github.com/pincherMCP/pincher/internal/index/indexer.go:137.22,139.13 2 1
github.com/pincherMCP/pincher/internal/index/indexer.go:143.3,145.55 3 1
github.com/pincherMCP/pincher/internal/index/indexer.go:145.55,149.18 3 1
github.com/pincherMCP/pincher/internal/index/indexer.go:149.18,151.5 1 0
github.com/pincherMCP/pincher/internal/index/indexer.go:154.4,155.49 2 1
github.com/pincherMCP/pincher/internal/index/indexer.go:155.49,157.5 1 1
github.com/pincherMCP/pincher/internal/index/indexer.go:160.4,161.37 2 1
github.com/pincherMCP/pincher/internal/index/indexer.go:161.37,186.5 2 1
github.com/pincherMCP/pincher/internal/index/indexer.go:189.4,190.29 2 1
github.com/pincherMCP/pincher/internal/index/indexer.go:190.29,193.5 2 1
github.com/pincherMCP/pincher/internal/index/indexer.go:196.4,197.35 2 1
github.com/pincherMCP/pincher/internal/index/indexer.go:197.35,199.21 2 0
github.com/pincherMCP/pincher/internal/index/indexer.go:199.21,202.24 2 0
github.com/pincherMCP/pincher/internal/index/indexer.go:202.24,204.7 1 0
github.com/pincherMCP/pincher/internal/index/indexer.go:206.5,207.35 2 0
github.com/pincherMCP/pincher/internal/index/indexer.go:207.35,208.14 1 0
github.com/pincherMCP/pincher/internal/index/indexer.go:210.5,216.7 1 0
github.com/pincherMCP/pincher/internal/index/indexer.go:219.4,223.26 4 1
github.com/pincherMCP/pincher/internal/index/indexer.go:223.26,224.84 1 0
github.com/pincherMCP/pincher/internal/index/indexer.go:224.84,226.6 1 0
github.com/pincherMCP/pincher/internal/index/indexer.go:228.4,228.18 1 1
github.com/pincherMCP/pincher/internal/index/indexer.go:232.2,236.41 3 1
github.com/pincherMCP/pincher/internal/index/indexer.go:236.41,239.82 3 1
github.com/pincherMCP/pincher/internal/index/indexer.go:239.82,241.4 1 0
github.com/pincherMCP/pincher/internal/index/indexer.go:243.2,256.17 3 1
github.com/pincherMCP/pincher/internal/index/indexer.go:256.17,258.3 1 0
github.com/pincherMCP/pincher/internal/index/indexer.go:260.2,278.8 2 1
github.com/pincherMCP/pincher/internal/index/indexer.go:282.95,283.65 1 1
github.com/pincherMCP/pincher/internal/index/indexer.go:283.65,285.3 1 0
github.com/pincherMCP/pincher/internal/index/indexer.go:287.2,288.26 2 1
github.com/pincherMCP/pincher/internal/index/indexer.go:288.26,289.24 1 1
github.com/pincherMCP/pincher/internal/index/indexer.go:289.24,292.4 2 1
github.com/pincherMCP/pincher/internal/index/indexer.go:294.2,296.12 3 1
github.com/pincherMCP/pincher/internal/index/indexer.go:299.91,302.19 1 1
github.com/pincherMCP/pincher/internal/index/indexer.go:302.19,303.73 1 1
github.com/pincherMCP/pincher/internal/index/indexer.go:303.73,305.4 1 1
github.com/pincherMCP/pincher/internal/index/indexer.go:307.2,307.58 1 1
github.com/pincherMCP/pincher/internal/index/indexer.go:307.58,309.3 1 1
github.com/pincherMCP/pincher/internal/index/indexer.go:310.2,310.57 1 1
github.com/pincherMCP/pincher/internal/index/indexer.go:310.57,312.3 1 1
github.com/pincherMCP/pincher/internal/index/indexer.go:313.2,313.12 1 1
github.com/pincherMCP/pincher/internal/index/indexer.go:327.74,328.34 1 1
github.com/pincherMCP/pincher/internal/index/indexer.go:328.34,330.3 1 1
github.com/pincherMCP/pincher/internal/index/indexer.go:331.2,333.16 3 1
github.com/pincherMCP/pincher/internal/index/indexer.go:333.16,335.3 1 1
github.com/pincherMCP/pincher/internal/index/indexer.go:336.2,339.15 3 1
github.com/pincherMCP/pincher/internal/index/indexer.go:339.15,341.3 1 1
github.com/pincherMCP/pincher/internal/index/indexer.go:342.2,342.59 1 1
github.com/pincherMCP/pincher/internal/index/indexer.go:342.59,344.3 1 0
github.com/pincherMCP/pincher/internal/index/indexer.go:345.2,347.26 3 1
github.com/pincherMCP/pincher/internal/index/indexer.go:347.26,349.3 1 0
github.com/pincherMCP/pincher/internal/index/indexer.go:350.2,350.29 1 1
github.com/pincherMCP/pincher/internal/index/indexer.go:359.48,363.6 3 1
github.com/pincherMCP/pincher/internal/index/indexer.go:363.6,364.10 1 1
github.com/pincherMCP/pincher/internal/index/indexer.go:365.21,366.10 1 1
github.com/pincherMCP/pincher/internal/index/indexer.go:367.19,369.18 2 0
github.com/pincherMCP/pincher/internal/index/indexer.go:369.18,370.13 1 0
github.com/pincherMCP/pincher/internal/index/indexer.go:372.4,372.31 1 0
github.com/pincherMCP/pincher/internal/index/indexer.go:372.31,373.26 1 0
github.com/pincherMCP/pincher/internal/index/indexer.go:373.26,375.28 2 0
github.com/pincherMCP/pincher/internal/index/indexer.go:375.28,376.62 1 0
github.com/pincherMCP/pincher/internal/index/indexer.go:376.62,378.8 1 0
github.com/pincherMCP/pincher/internal/index/indexer.go:388.51,391.16 2 1
github.com/pincherMCP/pincher/internal/index/indexer.go:391.16,393.3 1 1
github.com/pincherMCP/pincher/internal/index/indexer.go:394.2,394.28 1 1
github.com/pincherMCP/pincher/internal/index/indexer.go:394.28,395.16 1 1
github.com/pincherMCP/pincher/internal/index/indexer.go:395.16,396.12 1 0
github.com/pincherMCP/pincher/internal/index/indexer.go:398.3,398.34 1 1
github.com/pincherMCP/pincher/internal/index/indexer.go:398.34,399.12 1 1
github.com/pincherMCP/pincher/internal/index/indexer.go:401.3,402.17 2 1
github.com/pincherMCP/pincher/internal/index/indexer.go:402.17,403.12 1 0
github.com/pincherMCP/pincher/internal/index/indexer.go:406.3,406.40 1 1
github.com/pincherMCP/pincher/internal/index/indexer.go:406.40,408.4 1 1
github.com/pincherMCP/pincher/internal/index/indexer.go:410.2,410.14 1 1
github.com/pincherMCP/pincher/internal/index/indexer.go:432.133,433.35 1 1
github.com/pincherMCP/pincher/internal/index/indexer.go:433.35,435.3 1 1
github.com/pincherMCP/pincher/internal/index/indexer.go:438.2,439.16 2 1
github.com/pincherMCP/pincher/internal/index/indexer.go:439.16,441.3 1 0
github.com/pincherMCP/pincher/internal/index/indexer.go:442.2,442.22 1 1
github.com/pincherMCP/pincher/internal/index/indexer.go:442.22,444.3 1 1
github.com/pincherMCP/pincher/internal/index/indexer.go:445.2,451.16 4 1
github.com/pincherMCP/pincher/internal/index/indexer.go:451.16,453.3 1 0
github.com/pincherMCP/pincher/internal/index/indexer.go:455.2,456.34 2 1
github.com/pincherMCP/pincher/internal/index/indexer.go:456.34,458.34 2 1
github.com/pincherMCP/pincher/internal/index/indexer.go:458.34,459.12 1 0
github.com/pincherMCP/pincher/internal/index/indexer.go:461.3,462.14 2 1
github.com/pincherMCP/pincher/internal/index/indexer.go:462.14,464.4 1 1
github.com/pincherMCP/pincher/internal/index/indexer.go:465.3,466.23 2 1
github.com/pincherMCP/pincher/internal/index/indexer.go:466.23,467.9 1 0
github.com/pincherMCP/pincher/internal/index/indexer.go:470.2,470.18 1 1
github.com/pincherMCP/pincher/internal/index/indexer.go:473.34,474.15 1 1
github.com/pincherMCP/pincher/internal/index/indexer.go:475.9,476.20 1 1
github.com/pincherMCP/pincher/internal/index/indexer.go:477.9,478.16 1 1
github.com/pincherMCP/pincher/internal/index/indexer.go:479.9,480.18 1 1
github.com/pincherMCP/pincher/internal/index/indexer.go:481.10,482.15 1 1
github.com/pincherMCP/pincher/internal/index/indexer.go:507.37,509.2 1 1
github.com/pincherMCP/pincher/internal/index/indexer.go:512.33,514.29 2 1
github.com/pincherMCP/pincher/internal/index/indexer.go:514.29,516.3 1 1
github.com/pincherMCP/pincher/internal/index/indexer.go:517.2,517.12 1 1
github.com/pincherMCP/pincher/cmd/pinch/main.go:20.13,28.18 3 0
github.com/pincherMCP/pincher/cmd/pinch/main.go:28.18,31.3 2 0
github.com/pincherMCP/pincher/cmd/pinch/main.go:33.2,33.15 1 0
github.com/pincherMCP/pincher/cmd/pinch/main.go:33.15,36.3 2 0
github.com/pincherMCP/pincher/cmd/pinch/main.go:39.2,40.15 2 0
github.com/pincherMCP/pincher/cmd/pinch/main.go:40.15,43.17 3 0
github.com/pincherMCP/pincher/cmd/pinch/main.go:43.17,45.4 1 0
github.com/pincherMCP/pincher/cmd/pinch/main.go:49.2,50.16 2 0
github.com/pincherMCP/pincher/cmd/pinch/main.go:50.16,52.3 1 0
github.com/pincherMCP/pincher/cmd/pinch/main.go:53.2,69.92 7 0
github.com/pincherMCP/pincher/cmd/pinch/main.go:69.92,71.3 1 0
github.com/pincherMCP/pincher/internal/db/db.go:31.32,33.22 2 1
github.com/pincherMCP/pincher/internal/db/db.go:34.17,36.17 2 1
github.com/pincherMCP/pincher/internal/db/db.go:36.17,38.4 1 0
github.com/pincherMCP/pincher/internal/db/db.go:39.16,40.76 1 0
github.com/pincherMCP/pincher/internal/db/db.go:41.10,43.17 2 0
github.com/pincherMCP/pincher/internal/db/db.go:43.17,45.4 1 0
github.com/pincherMCP/pincher/internal/db/db.go:47.2,48.37 2 1
github.com/pincherMCP/pincher/internal/db/db.go:52.39,63.16 4 1
github.com/pincherMCP/pincher/internal/db/db.go:63.16,65.3 1 0
github.com/pincherMCP/pincher/internal/db/db.go:66.2,70.36 4 1
github.com/pincherMCP/pincher/internal/db/db.go:70.36,73.3 2 0
github.com/pincherMCP/pincher/internal/db/db.go:74.2,74.15 1 1
github.com/pincherMCP/pincher/internal/db/db.go:78.30,78.45 1 1
github.com/pincherMCP/pincher/internal/db/db.go:81.31,81.54 1 1
github.com/pincherMCP/pincher/internal/db/db.go:118.33,120.45 1 1
github.com/pincherMCP/pincher/internal/db/db.go:120.45,122.3 1 0
github.com/pincherMCP/pincher/internal/db/db.go:125.2,127.16 1 1
github.com/pincherMCP/pincher/internal/db/db.go:127.16,129.3 1 0
github.com/pincherMCP/pincher/internal/db/db.go:131.2,133.16 1 1
github.com/pincherMCP/pincher/internal/db/db.go:133.16,135.3 1 0
github.com/pincherMCP/pincher/internal/db/db.go:138.2,139.91 2 1
github.com/pincherMCP/pincher/internal/db/db.go:139.91,141.3 1 0
github.com/pincherMCP/pincher/internal/db/db.go:144.2,144.55 1 1
github.com/pincherMCP/pincher/internal/db/db.go:144.55,145.59 1 1
github.com/pincherMCP/pincher/internal/db/db.go:145.59,147.4 1 0
github.com/pincherMCP/pincher/internal/db/db.go:148.3,149.85 2 1
github.com/pincherMCP/pincher/internal/db/db.go:149.85,151.4 1 0
github.com/pincherMCP/pincher/internal/db/db.go:153.2,153.12 1 1
github.com/pincherMCP/pincher/internal/db/db.go:318.64,320.2 1 1
github.com/pincherMCP/pincher/internal/db/db.go:355.48,366.2 2 1
github.com/pincherMCP/pincher/internal/db/db.go:369.51,372.16 2 1
github.com/pincherMCP/pincher/internal/db/db.go:372.16,374.3 1 0
github.com/pincherMCP/pincher/internal/db/db.go:375.2,377.18 3 1
github.com/pincherMCP/pincher/internal/db/db.go:377.18,380.106 3 1
github.com/pincherMCP/pincher/internal/db/db.go:380.106,382.4 1 0
github.com/pincherMCP/pincher/internal/db/db.go:383.3,384.23 2 1
github.com/pincherMCP/pincher/internal/db/db.go:386.2,386.24 1 1
github.com/pincherMCP/pincher/internal/db/db.go:390.57,395.114 4 1
github.com/pincherMCP/pincher/internal/db/db.go:395.114,397.3 1 1
github.com/pincherMCP/pincher/internal/db/db.go:397.8,397.23 1 1
github.com/pincherMCP/pincher/internal/db/db.go:397.23,399.3 1 0
github.com/pincherMCP/pincher/internal/db/db.go:400.2,401.16 2 1
github.com/pincherMCP/pincher/internal/db/db.go:405.48,407.16 2 1
github.com/pincherMCP/pincher/internal/db/db.go:407.16,409.3 1 0
github.com/pincherMCP/pincher/internal/db/db.go:410.2,417.4 2 1
github.com/pincherMCP/pincher/internal/db/db.go:417.4,418.43 1 1
github.com/pincherMCP/pincher/internal/db/db.go:418.43,420.4 1 0
github.com/pincherMCP/pincher/internal/db/db.go:422.2,422.20 1 1
github.com/pincherMCP/pincher/internal/db/db.go:431.56,432.20 1 1
github.com/pincherMCP/pincher/internal/db/db.go:432.20,434.3 1 0
github.com/pincherMCP/pincher/internal/db/db.go:435.2,436.16 2 1
github.com/pincherMCP/pincher/internal/db/db.go:436.16,438.3 1 0
github.com/pincherMCP/pincher/internal/db/db.go:439.2,449.16 3 1
github.com/pincherMCP/pincher/internal/db/db.go:449.16,451.3 1 0
github.com/pincherMCP/pincher/internal/db/db.go:452.2,454.22 2 1
github.com/pincherMCP/pincher/internal/db/db.go:454.22,457.16 3 1
github.com/pincherMCP/pincher/internal/db/db.go:457.16,459.4 1 1
github.com/pincherMCP/pincher/internal/db/db.go:460.3,467.17 2 1
github.com/pincherMCP/pincher/internal/db/db.go:467.17,469.4 1 0
github.com/pincherMCP/pincher/internal/db/db.go:471.2,471.20 1 1
github.com/pincherMCP/pincher/internal/db/db.go:475.72,477.16 2 1
github.com/pincherMCP/pincher/internal/db/db.go:477.16,479.3 1 0
github.com/pincherMCP/pincher/internal/db/db.go:480.2,483.16 3 1
github.com/pincherMCP/pincher/internal/db/db.go:483.16,485.3 1 0
github.com/pincherMCP/pincher/internal/db/db.go:486.2,487.18 2 1
github.com/pincherMCP/pincher/internal/db/db.go:487.18,489.40 2 1
github.com/pincherMCP/pincher/internal/db/db.go:489.40,492.4 2 0
github.com/pincherMCP/pincher/internal/db/db.go:493.3,493.24 1 1
github.com/pincherMCP/pincher/internal/db/db.go:495.2,497.25 2 1
github.com/pincherMCP/pincher/internal/db/db.go:497.25,498.92 1 1
github.com/pincherMCP/pincher/internal/db/db.go:498.92,500.4 1 0
github.com/pincherMCP/pincher/internal/db/db.go:502.2,502.114 1 1
github.com/pincherMCP/pincher/internal/db/db.go:502.114,504.3 1 0
github.com/pincherMCP/pincher/internal/db/db.go:505.2,505.20 1 1
github.com/pincherMCP/pincher/internal/db/db.go:509.55,512.2 2 1
github.com/pincherMCP/pincher/internal/db/db.go:515.87,517.16 2 1
github.com/pincherMCP/pincher/internal/db/db.go:517.16,519.3 1 0
github.com/pincherMCP/pincher/internal/db/db.go:520.2,521.30 2 1
github.com/pincherMCP/pincher/internal/db/db.go:525.72,527.16 2 1
github.com/pincherMCP/pincher/internal/db/db.go:527.16,529.3 1 0
github.com/pincherMCP/pincher/internal/db/db.go:530.2,531.30 2 1
github.com/pincherMCP/pincher/internal/db/db.go:535.81,539.16 2 1
github.com/pincherMCP/pincher/internal/db/db.go:539.16,541.3 1 0
github.com/pincherMCP/pincher/internal/db/db.go:542.2,543.30 2 1
github.com/pincherMCP/pincher/internal/db/db.go:547.76,557.16 2 1
github.com/pincherMCP/pincher/internal/db/db.go:557.16,559.3 1 0
github.com/pincherMCP/pincher/internal/db/db.go:560.2,561.30 2 1
github.com/pincherMCP/pincher/internal/db/db.go:570.107,571.16 1 1
github.com/pincherMCP/pincher/internal/db/db.go:571.16,573.3 1 0
github.com/pincherMCP/pincher/internal/db/db.go:574.2,585.16 3 1
github.com/pincherMCP/pincher/internal/db/db.go:585.16,588.3 2 1
github.com/pincherMCP/pincher/internal/db/db.go:589.2,589.20 1 1
github.com/pincherMCP/pincher/internal/db/db.go:589.20,592.3 2 0
github.com/pincherMCP/pincher/internal/db/db.go:593.2,597.16 4 1
github.com/pincherMCP/pincher/internal/db/db.go:597.16,599.3 1 0
github.com/pincherMCP/pincher/internal/db/db.go:600.2,603.18 3 1
github.com/pincherMCP/pincher/internal/db/db.go:603.18,606.59 3 1
github.com/pincherMCP/pincher/internal/db/db.go:606.59,608.4 1 0
github.com/pincherMCP/pincher/internal/db/db.go:609.3,609.70 1 1
github.com/pincherMCP/pincher/internal/db/db.go:611.2,611.28 1 1
github.com/pincherMCP/pincher/internal/db/db.go:619.53,620.21 1 1
github.com/pincherMCP/pincher/internal/db/db.go:620.21,622.3 1 1
github.com/pincherMCP/pincher/internal/db/db.go:623.2,624.16 2 1
github.com/pincherMCP/pincher/internal/db/db.go:624.16,626.3 1 0
github.com/pincherMCP/pincher/internal/db/db.go:627.2,632.16 3 1
github.com/pincherMCP/pincher/internal/db/db.go:632.16,634.3 1 0
github.com/pincherMCP/pincher/internal/db/db.go:635.2,637.23 2 1
github.com/pincherMCP/pincher/internal/db/db.go:637.23,640.28 3 1
github.com/pincherMCP/pincher/internal/db/db.go:640.28,643.4 2 1
github.com/pincherMCP/pincher/internal/db/db.go:644.3,644.106 1 1
github.com/pincherMCP/pincher/internal/db/db.go:644.106,646.4 1 0
github.com/pincherMCP/pincher/internal/db/db.go:648.2,648.20 1 1
github.com/pincherMCP/pincher/internal/db/db.go:652.74,654.2 1 1
github.com/pincherMCP/pincher/internal/db/db.go:657.70,659.2 1 1
github.com/pincherMCP/pincher/internal/db/db.go:661.76,664.20 3 1
github.com/pincherMCP/pincher/internal/db/db.go:664.20,666.27 2 1
github.com/pincherMCP/pincher/internal/db/db.go:666.27,667.13 1 1
github.com/pincherMCP/pincher/internal/db/db.go:667.13,669.5 1 0
github.com/pincherMCP/pincher/internal/db/db.go:670.4,671.26 2 1
github.com/pincherMCP/pincher/internal/db/db.go:673.3,673.35 1 1
github.com/pincherMCP/pincher/internal/db/db.go:675.2,676.16 2 1
github.com/pincherMCP/pincher/internal/db/db.go:676.16,678.3 1 0
github.com/pincherMCP/pincher/internal/db/db.go:679.2,681.18 3 1
github.com/pincherMCP/pincher/internal/db/db.go:681.18,684.111 3 1
github.com/pincherMCP/pincher/internal/db/db.go:684.111,686.4 1 0
github.com/pincherMCP/pincher/internal/db/db.go:687.3,687.46 1 1
github.com/pincherMCP/pincher/internal/db/db.go:687.46,689.4 1 1
github.com/pincherMCP/pincher/internal/db/db.go:690.3,690.23 1 1
github.com/pincherMCP/pincher/internal/db/db.go:692.2,692.24 1 1
github.com/pincherMCP/pincher/internal/db/db.go:701.72,709.2 2 1
github.com/pincherMCP/pincher/internal/db/db.go:713.72,719.16 3 1
github.com/pincherMCP/pincher/internal/db/db.go:719.16,721.3 1 1
github.com/pincherMCP/pincher/internal/db/db.go:722.2,722.20 1 1
github.com/pincherMCP/pincher/internal/db/db.go:729.80,731.16 2 1
github.com/pincherMCP/pincher/internal/db/db.go:731.16,733.3 1 0
github.com/pincherMCP/pincher/internal/db/db.go:734.2,736.25 2 1
github.com/pincherMCP/pincher/internal/db/db.go:736.25,743.41 4 1
github.com/pincherMCP/pincher/internal/db/db.go:743.41,744.12 1 1
github.com/pincherMCP/pincher/internal/db/db.go:746.3,751.4 1 1
github.com/pincherMCP/pincher/internal/db/db.go:753.2,753.20 1 1
github.com/pincherMCP/pincher/internal/db/db.go:767.113,773.35 4 1
github.com/pincherMCP/pincher/internal/db/db.go:773.35,775.24 2 1
github.com/pincherMCP/pincher/internal/db/db.go:775.24,777.4 1 1
github.com/pincherMCP/pincher/internal/db/db.go:777.9,779.4 1 1
github.com/pincherMCP/pincher/internal/db/db.go:780.3,781.24 2 1
github.com/pincherMCP/pincher/internal/db/db.go:781.24,783.4 1 1
github.com/pincherMCP/pincher/internal/db/db.go:783.9,785.4 1 1
github.com/pincherMCP/pincher/internal/db/db.go:787.3,803.31 3 1
github.com/pincherMCP/pincher/internal/db/db.go:803.31,805.4 1 1
github.com/pincherMCP/pincher/internal/db/db.go:806.3,809.17 3 1
github.com/pincherMCP/pincher/internal/db/db.go:809.17,811.4 1 0
github.com/pincherMCP/pincher/internal/db/db.go:812.3,813.19 2 1
github.com/pincherMCP/pincher/internal/db/db.go:813.19,815.71 2 1
github.com/pincherMCP/pincher/internal/db/db.go:815.71,817.5 1 0
github.com/pincherMCP/pincher/internal/db/db.go:819.4,819.73 1 1
github.com/pincherMCP/pincher/internal/db/db.go:819.73,821.5 1 1
github.com/pincherMCP/pincher/internal/db/db.go:823.3,823.20 1 1
github.com/pincherMCP/pincher/internal/db/db.go:826.2,826.52 1 1
github.com/pincherMCP/pincher/internal/db/db.go:826.52,827.44 1 1
github.com/pincherMCP/pincher/internal/db/db.go:827.44,829.4 1 0
github.com/pincherMCP/pincher/internal/db/db.go:831.2,831.51 1 1
github.com/pincherMCP/pincher/internal/db/db.go:831.51,832.43 1 1
github.com/pincherMCP/pincher/internal/db/db.go:832.43,834.4 1 0
github.com/pincherMCP/pincher/internal/db/db.go:837.2,838.25 2 1
github.com/pincherMCP/pincher/internal/db/db.go:838.25,840.3 1 1
github.com/pincherMCP/pincher/internal/db/db.go:841.2,841.17 1 1
github.com/pincherMCP/pincher/internal/db/db.go:845.126,849.115 3 1
github.com/pincherMCP/pincher/internal/db/db.go:849.115,851.3 1 0
github.com/pincherMCP/pincher/internal/db/db.go:852.2,852.114 1 1
github.com/pincherMCP/pincher/internal/db/db.go:852.114,854.3 1 0
github.com/pincherMCP/pincher/internal/db/db.go:856.2,857.17 2 1
github.com/pincherMCP/pincher/internal/db/db.go:857.17,860.3 2 0
github.com/pincherMCP/pincher/internal/db/db.go:861.2,862.18 2 1
github.com/pincherMCP/pincher/internal/db/db.go:862.18,865.42 3 1
github.com/pincherMCP/pincher/internal/db/db.go:865.42,867.4 1 0
github.com/pincherMCP/pincher/internal/db/db.go:868.3,868.20 1 1
github.com/pincherMCP/pincher/internal/db/db.go:871.2,872.17 2 1
github.com/pincherMCP/pincher/internal/db/db.go:872.17,875.3 2 0
github.com/pincherMCP/pincher/internal/db/db.go:876.2,877.19 2 1
github.com/pincherMCP/pincher/internal/db/db.go:877.19,880.43 3 1
github.com/pincherMCP/pincher/internal/db/db.go:880.43,882.4 1 0
github.com/pincherMCP/pincher/internal/db/db.go:883.3,883.24 1 1
github.com/pincherMCP/pincher/internal/db/db.go:885.2,885.8 1 1
github.com/pincherMCP/pincher/internal/db/db.go:893.60,897.2 3 1
github.com/pincherMCP/pincher/internal/db/db.go:900.65,905.2 2 1
github.com/pincherMCP/pincher/internal/db/db.go:908.62,911.2 2 1
github.com/pincherMCP/pincher/internal/db/db.go:918.60,923.2 2 1
github.com/pincherMCP/pincher/internal/db/db.go:926.69,929.26 3 1
github.com/pincherMCP/pincher/internal/db/db.go:929.26,931.3 1 1
github.com/pincherMCP/pincher/internal/db/db.go:932.2,932.31 1 1
github.com/pincherMCP/pincher/internal/db/db.go:936.71,938.16 2 1
github.com/pincherMCP/pincher/internal/db/db.go:938.16,940.3 1 0
github.com/pincherMCP/pincher/internal/db/db.go:941.2,943.18 3 1
github.com/pincherMCP/pincher/internal/db/db.go:943.18,945.43 2 1
github.com/pincherMCP/pincher/internal/db/db.go:945.43,947.4 1 0
github.com/pincherMCP/pincher/internal/db/db.go:948.3,948.13 1 1
github.com/pincherMCP/pincher/internal/db/db.go:950.2,950.24 1 1
github.com/pincherMCP/pincher/internal/db/db.go:954.56,957.2 2 1
github.com/pincherMCP/pincher/internal/db/db.go:971.51,982.26 5 1
github.com/pincherMCP/pincher/internal/db/db.go:982.26,984.3 1 1
github.com/pincherMCP/pincher/internal/db/db.go:985.2,985.16 1 1
github.com/pincherMCP/pincher/internal/db/db.go:985.16,987.3 1 0
github.com/pincherMCP/pincher/internal/db/db.go:988.2,996.18 9 1
github.com/pincherMCP/pincher/internal/db/db.go:999.56,1001.18 2 1
github.com/pincherMCP/pincher/internal/db/db.go:1001.18,1003.55 2 1
github.com/pincherMCP/pincher/internal/db/db.go:1003.55,1005.4 1 0
github.com/pincherMCP/pincher/internal/db/db.go:1006.3,1006.25 1 1
github.com/pincherMCP/pincher/internal/db/db.go:1008.2,1008.24 1 1
github.com/pincherMCP/pincher/internal/db/db.go:1011.59,1020.16 3 1
github.com/pincherMCP/pincher/internal/db/db.go:1020.16,1022.3 1 0
github.com/pincherMCP/pincher/internal/db/db.go:1023.2,1031.12 9 1
github.com/pincherMCP/pincher/internal/db/db.go:1035.71,1044.16 3 1
github.com/pincherMCP/pincher/internal/db/db.go:1044.16,1046.3 1 0
github.com/pincherMCP/pincher/internal/db/db.go:1047.2,1055.12 9 1
github.com/pincherMCP/pincher/internal/db/db.go:1059.23,1060.13 1 1
github.com/pincherMCP/pincher/internal/db/db.go:1060.13,1062.3 1 1
github.com/pincherMCP/pincher/internal/db/db.go:1063.2,1063.10 1 1
github.com/pincherMCP/pincher/internal/db/db.go:1067.21,1068.7 1 1
github.com/pincherMCP/pincher/internal/db/db.go:1068.7,1070.3 1 1
github.com/pincherMCP/pincher/internal/db/db.go:1071.2,1071.10 1 1
github.com/pincherMCP/pincher/internal/db/db.go:1075.46,1077.2 1 1
github.com/pincherMCP/pincher/internal/db/db.go:1080.44,1083.16 2 1
github.com/pincherMCP/pincher/internal/db/db.go:1083.16,1085.3 1 0
github.com/pincherMCP/pincher/internal/db/db.go:1086.2,1086.12 1 1
github.com/pincherMCP/pincher/internal/db/db.go:1091.33,1093.2 1 1
github.com/pincherMCP/pincher/internal/db/db.go:1096.35,1097.9 1 1
github.com/pincherMCP/pincher/internal/db/db.go:1098.22,1099.56 1 1
github.com/pincherMCP/pincher/internal/db/db.go:1100.22,1101.56 1 1
github.com/pincherMCP/pincher/internal/db/db.go:1102.10,1103.36 1 1
github.com/pincherMCP/pincher/internal/server/server.go:57.75,72.2 4 1
github.com/pincherMCP/pincher/internal/server/server.go:75.42,75.58 1 1
github.com/pincherMCP/pincher/internal/server/server.go:77.75,78.26 1 0
github.com/pincherMCP/pincher/internal/server/server.go:78.26,80.3 1 0
github.com/pincherMCP/pincher/internal/server/server.go:83.81,84.26 1 0
github.com/pincherMCP/pincher/internal/server/server.go:84.26,86.3 1 0
github.com/pincherMCP/pincher/internal/server/server.go:89.78,90.20 1 0
github.com/pincherMCP/pincher/internal/server/server.go:90.20,91.86 1 0
github.com/pincherMCP/pincher/internal/server/server.go:91.86,92.57 1 0
github.com/pincherMCP/pincher/internal/server/server.go:92.57,95.5 2 0
github.com/pincherMCP/pincher/internal/server/server.go:98.2,98.40 1 0
github.com/pincherMCP/pincher/internal/server/server.go:98.40,100.3 1 0
github.com/pincherMCP/pincher/internal/server/server.go:103.39,107.2 3 1
github.com/pincherMCP/pincher/internal/server/server.go:109.46,111.38 2 1
github.com/pincherMCP/pincher/internal/server/server.go:111.38,113.3 1 1
github.com/pincherMCP/pincher/internal/server/server.go:114.2,115.47 2 1
github.com/pincherMCP/pincher/internal/server/server.go:115.47,117.3 1 1
github.com/pincherMCP/pincher/internal/server/server.go:118.2,118.36 1 1
github.com/pincherMCP/pincher/internal/server/server.go:122.70,123.22 1 1
github.com/pincherMCP/pincher/internal/server/server.go:123.22,124.24 1 1
github.com/pincherMCP/pincher/internal/server/server.go:124.24,126.4 1 1
github.com/pincherMCP/pincher/internal/server/server.go:127.3,127.26 1 1
github.com/pincherMCP/pincher/internal/server/server.go:130.2,131.16 2 1
github.com/pincherMCP/pincher/internal/server/server.go:131.16,133.3 1 0
github.com/pincherMCP/pincher/internal/server/server.go:134.2,134.14 1 1
github.com/pincherMCP/pincher/internal/server/server.go:134.14,136.3 1 1
github.com/pincherMCP/pincher/internal/server/server.go:138.2,139.16 2 1
github.com/pincherMCP/pincher/internal/server/server.go:139.16,141.3 1 0
github.com/pincherMCP/pincher/internal/server/server.go:142.2,142.27 1 1
github.com/pincherMCP/pincher/internal/server/server.go:142.27,143.30 1 1
github.com/pincherMCP/pincher/internal/server/server.go:143.30,145.4 1 1
github.com/pincherMCP/pincher/internal/server/server.go:147.2,147.100 1 1
github.com/pincherMCP/pincher/internal/server/server.go:151.71,153.28 2 1
github.com/pincherMCP/pincher/internal/server/server.go:153.28,154.26 1 1
github.com/pincherMCP/pincher/internal/server/server.go:154.26,156.4 1 1
github.com/pincherMCP/pincher/internal/server/server.go:157.3,157.45 1 1
github.com/pincherMCP/pincher/internal/server/server.go:159.2,159.20 1 1
github.com/pincherMCP/pincher/internal/server/server.go:166.67,169.2 2 1
github.com/pincherMCP/pincher/internal/server/server.go:171.34,329.2 13 1
github.com/pincherMCP/pincher/internal/server/server.go:335.106,340.16 4 1
github.com/pincherMCP/pincher/internal/server/server.go:340.16,342.3 1 1
github.com/pincherMCP/pincher/internal/server/server.go:343.2,343.16 1 1
github.com/pincherMCP/pincher/internal/server/server.go:343.16,345.3 1 1
github.com/pincherMCP/pincher/internal/server/server.go:346.2,349.16 3 1
github.com/pincherMCP/pincher/internal/server/server.go:349.16,351.3 1 0
github.com/pincherMCP/pincher/internal/server/server.go:353.2,362.50 2 1
github.com/pincherMCP/pincher/internal/server/server.go:365.107,370.14 4 1
github.com/pincherMCP/pincher/internal/server/server.go:370.14,372.3 1 1
github.com/pincherMCP/pincher/internal/server/server.go:373.2,376.16 3 1
github.com/pincherMCP/pincher/internal/server/server.go:376.16,378.3 1 0
github.com/pincherMCP/pincher/internal/server/server.go:379.2,379.16 1 1
github.com/pincherMCP/pincher/internal/server/server.go:379.16,381.63 1 1
github.com/pincherMCP/pincher/internal/server/server.go:381.63,383.18 2 1
github.com/pincherMCP/pincher/internal/server/server.go:383.18,385.5 1 0
github.com/pincherMCP/pincher/internal/server/server.go:388.2,388.16 1 1
github.com/pincherMCP/pincher/internal/server/server.go:388.16,390.3 1 1
github.com/pincherMCP/pincher/internal/server/server.go:393.2,394.22 2 1
github.com/pincherMCP/pincher/internal/server/server.go:394.22,395.61 1 0
github.com/pincherMCP/pincher/internal/server/server.go:395.61,397.4 1 0
github.com/pincherMCP/pincher/internal/server/server.go:399.2,400.16 2 1
github.com/pincherMCP/pincher/internal/server/server.go:400.16,402.3 1 0
github.com/pincherMCP/pincher/internal/server/server.go:405.2,406.16 2 1
github.com/pincherMCP/pincher/internal/server/server.go:406.16,408.3 1 1
github.com/pincherMCP/pincher/internal/server/server.go:411.2,412.16 2 1
github.com/pincherMCP/pincher/internal/server/server.go:412.16,413.92 1 1
github.com/pincherMCP/pincher/internal/server/server.go:413.92,415.4 1 1
github.com/pincherMCP/pincher/internal/server/server.go:417.2,439.60 4 1
github.com/pincherMCP/pincher/internal/server/server.go:442.108,447.19 4 1
github.com/pincherMCP/pincher/internal/server/server.go:447.19,449.3 1 1
github.com/pincherMCP/pincher/internal/server/server.go:451.2,453.22 3 1
github.com/pincherMCP/pincher/internal/server/server.go:453.22,454.61 1 1
github.com/pincherMCP/pincher/internal/server/server.go:454.61,455.55 1 1
github.com/pincherMCP/pincher/internal/server/server.go:455.55,457.5 1 1
github.com/pincherMCP/pincher/internal/server/server.go:461.2,462.25 2 1
github.com/pincherMCP/pincher/internal/server/server.go:462.25,464.31 2 1
github.com/pincherMCP/pincher/internal/server/server.go:464.31,466.12 2 1
github.com/pincherMCP/pincher/internal/server/server.go:468.3,469.17 2 1
github.com/pincherMCP/pincher/internal/server/server.go:469.17,471.4 1 1
github.com/pincherMCP/pincher/internal/server/server.go:472.3,480.5 1 1
github.com/pincherMCP/pincher/internal/server/server.go:483.2,487.50 2 1
github.com/pincherMCP/pincher/internal/server/server.go:490.108,495.14 4 1
github.com/pincherMCP/pincher/internal/server/server.go:495.14,497.3 1 1
github.com/pincherMCP/pincher/internal/server/server.go:499.2,500.30 2 1
github.com/pincherMCP/pincher/internal/server/server.go:500.30,502.3 1 1
github.com/pincherMCP/pincher/internal/server/server.go:504.2,511.32 6 1
github.com/pincherMCP/pincher/internal/server/server.go:511.32,513.31 2 1
github.com/pincherMCP/pincher/internal/server/server.go:513.31,514.12 1 0
github.com/pincherMCP/pincher/internal/server/server.go:516.3,524.44 3 1
github.com/pincherMCP/pincher/internal/server/server.go:527.2,531.60 2 1
github.com/pincherMCP/pincher/internal/server/server.go:534.107,539.17 4 1
github.com/pincherMCP/pincher/internal/server/server.go:539.17,541.3 1 0
github.com/pincherMCP/pincher/internal/server/server.go:542.2,548.16 6 1
github.com/pincherMCP/pincher/internal/server/server.go:548.16,550.3 1 1
github.com/pincherMCP/pincher/internal/server/server.go:552.2,553.16 2 1
github.com/pincherMCP/pincher/internal/server/server.go:553.16,555.3 1 0
github.com/pincherMCP/pincher/internal/server/server.go:557.2,558.28 2 1
github.com/pincherMCP/pincher/internal/server/server.go:558.28,571.3 1 1
github.com/pincherMCP/pincher/internal/server/server.go:575.2,585.60 6 1
github.com/pincherMCP/pincher/internal/server/server.go:588.106,593.15 4 1
github.com/pincherMCP/pincher/internal/server/server.go:593.15,595.3 1 1
github.com/pincherMCP/pincher/internal/server/server.go:596.2,600.16 4 1
github.com/pincherMCP/pincher/internal/server/server.go:600.16,602.3 1 1
github.com/pincherMCP/pincher/internal/server/server.go:603.2,607.16 4 1
github.com/pincherMCP/pincher/internal/server/server.go:607.16,609.3 1 0
github.com/pincherMCP/pincher/internal/server/server.go:611.2,616.50 2 1
github.com/pincherMCP/pincher/internal/server/server.go:619.106,624.16 4 1
github.com/pincherMCP/pincher/internal/server/server.go:624.16,626.3 1 1
github.com/pincherMCP/pincher/internal/server/server.go:627.2,629.21 3 1
github.com/pincherMCP/pincher/internal/server/server.go:629.21,631.3 1 1
github.com/pincherMCP/pincher/internal/server/server.go:632.2,636.16 4 1
github.com/pincherMCP/pincher/internal/server/server.go:636.16,638.3 1 0
github.com/pincherMCP/pincher/internal/server/server.go:640.2,641.16 2 1
github.com/pincherMCP/pincher/internal/server/server.go:641.16,643.3 1 1
github.com/pincherMCP/pincher/internal/server/server.go:646.2,648.25 3 1
github.com/pincherMCP/pincher/internal/server/server.go:648.25,657.14 2 1
github.com/pincherMCP/pincher/internal/server/server.go:657.14,660.4 2 1
github.com/pincherMCP/pincher/internal/server/server.go:661.3,661.53 1 1
github.com/pincherMCP/pincher/internal/server/server.go:664.2,665.30 2 1
github.com/pincherMCP/pincher/internal/server/server.go:665.30,666.34 1 1
github.com/pincherMCP/pincher/internal/server/server.go:666.34,668.15 2 1
github.com/pincherMCP/pincher/internal/server/server.go:668.15,670.5 1 1
github.com/pincherMCP/pincher/internal/server/server.go:671.4,671.36 1 1
github.com/pincherMCP/pincher/internal/server/server.go:675.2,681.13 2 1
github.com/pincherMCP/pincher/internal/server/server.go:681.13,683.3 1 1
github.com/pincherMCP/pincher/internal/server/server.go:684.2,684.50 1 1
github.com/pincherMCP/pincher/internal/server/server.go:687.108,693.17 5 1
github.com/pincherMCP/pincher/internal/server/server.go:693.17,695.3 1 1
github.com/pincherMCP/pincher/internal/server/server.go:696.2,699.16 3 1
github.com/pincherMCP/pincher/internal/server/server.go:699.16,701.3 1 1
github.com/pincherMCP/pincher/internal/server/server.go:702.2,703.16 2 1
github.com/pincherMCP/pincher/internal/server/server.go:703.16,705.3 1 0
github.com/pincherMCP/pincher/internal/server/server.go:708.2,709.20 2 1
github.com/pincherMCP/pincher/internal/server/server.go:709.20,711.3 1 1
github.com/pincherMCP/pincher/internal/server/server.go:714.2,718.33 3 1
github.com/pincherMCP/pincher/internal/server/server.go:718.33,720.17 2 1
github.com/pincherMCP/pincher/internal/server/server.go:720.17,721.12 1 0
github.com/pincherMCP/pincher/internal/server/server.go:723.3,723.51 1 1
github.com/pincherMCP/pincher/internal/server/server.go:727.2,729.37 3 1
github.com/pincherMCP/pincher/internal/server/server.go:729.37,731.17 2 1
github.com/pincherMCP/pincher/internal/server/server.go:731.17,732.12 1 0
github.com/pincherMCP/pincher/internal/server/server.go:734.3,734.26 1 1
github.com/pincherMCP/pincher/internal/server/server.go:734.26,735.25 1 0
github.com/pincherMCP/pincher/internal/server/server.go:735.25,736.13 1 0
github.com/pincherMCP/pincher/internal/server/server.go:738.4,746.6 2 0
github.com/pincherMCP/pincher/internal/server/server.go:751.2,752.32 2 1
github.com/pincherMCP/pincher/internal/server/server.go:752.32,753.41 1 0
github.com/pincherMCP/pincher/internal/server/server.go:753.41,755.4 1 0
github.com/pincherMCP/pincher/internal/server/server.go:758.2,759.37 2 1
github.com/pincherMCP/pincher/internal/server/server.go:759.37,763.3 1 1
github.com/pincherMCP/pincher/internal/server/server.go:765.2,779.50 2 1
github.com/pincherMCP/pincher/internal/server/server.go:782.113,788.16 5 1
github.com/pincherMCP/pincher/internal/server/server.go:788.16,790.3 1 1
github.com/pincherMCP/pincher/internal/server/server.go:792.2,799.21 4 1
github.com/pincherMCP/pincher/internal/server/server.go:799.21,800.23 1 1
github.com/pincherMCP/pincher/internal/server/server.go:800.23,805.4 4 1
github.com/pincherMCP/pincher/internal/server/server.go:806.3,806.19 1 1
github.com/pincherMCP/pincher/internal/server/server.go:810.2,814.19 3 1
github.com/pincherMCP/pincher/internal/server/server.go:814.19,815.21 1 1
github.com/pincherMCP/pincher/internal/server/server.go:815.21,820.4 4 1
github.com/pincherMCP/pincher/internal/server/server.go:821.3,821.17 1 1
github.com/pincherMCP/pincher/internal/server/server.go:825.2,827.29 3 1
github.com/pincherMCP/pincher/internal/server/server.go:827.29,831.3 1 1
github.com/pincherMCP/pincher/internal/server/server.go:834.2,844.50 3 1
github.com/pincherMCP/pincher/internal/server/server.go:847.107,853.16 5 1
github.com/pincherMCP/pincher/internal/server/server.go:853.16,855.3 1 1
github.com/pincherMCP/pincher/internal/server/server.go:857.2,858.16 2 1
github.com/pincherMCP/pincher/internal/server/server.go:858.16,860.3 1 0
github.com/pincherMCP/pincher/internal/server/server.go:862.2,868.50 2 1
github.com/pincherMCP/pincher/internal/server/server.go:871.105,874.16 3 1
github.com/pincherMCP/pincher/internal/server/server.go:874.16,876.3 1 0
github.com/pincherMCP/pincher/internal/server/server.go:877.2,878.29 2 1
github.com/pincherMCP/pincher/internal/server/server.go:878.29,888.3 1 1
github.com/pincherMCP/pincher/internal/server/server.go:889.2,890.50 2 1
github.com/pincherMCP/pincher/internal/server/server.go:893.104,902.16 8 1
github.com/pincherMCP/pincher/internal/server/server.go:902.16,904.3 1 1
github.com/pincherMCP/pincher/internal/server/server.go:906.2,907.16 2 1
github.com/pincherMCP/pincher/internal/server/server.go:908.13,909.16 1 1
github.com/pincherMCP/pincher/internal/server/server.go:909.16,911.4 1 1
github.com/pincherMCP/pincher/internal/server/server.go:912.3,913.17 2 1
github.com/pincherMCP/pincher/internal/server/server.go:913.17,915.4 1 0
github.com/pincherMCP/pincher/internal/server/server.go:916.3,916.10 1 1
github.com/pincherMCP/pincher/internal/server/server.go:916.10,918.4 1 1
github.com/pincherMCP/pincher/internal/server/server.go:919.3,919.50 1 1
github.com/pincherMCP/pincher/internal/server/server.go:921.13,922.31 1 1
github.com/pincherMCP/pincher/internal/server/server.go:922.31,924.4 1 1
github.com/pincherMCP/pincher/internal/server/server.go:925.3,925.63 1 1
github.com/pincherMCP/pincher/internal/server/server.go:925.63,927.4 1 0
github.com/pincherMCP/pincher/internal/server/server.go:928.3,928.52 1 1
github.com/pincherMCP/pincher/internal/server/server.go:930.14,932.17 2 1
github.com/pincherMCP/pincher/internal/server/server.go:932.17,934.4 1 0
github.com/pincherMCP/pincher/internal/server/server.go:935.3,935.44 1 1
github.com/pincherMCP/pincher/internal/server/server.go:937.16,938.16 1 1
github.com/pincherMCP/pincher/internal/server/server.go:938.16,940.4 1 1
github.com/pincherMCP/pincher/internal/server/server.go:941.3,941.59 1 1
github.com/pincherMCP/pincher/internal/server/server.go:941.59,943.4 1 0
github.com/pincherMCP/pincher/internal/server/server.go:944.3,944.53 1 1
github.com/pincherMCP/pincher/internal/server/server.go:946.10,947.66 1 1
github.com/pincherMCP/pincher/internal/server/server.go:950.2,950.50 1 1
github.com/pincherMCP/pincher/internal/server/server.go:953.106,966.15 10 1
github.com/pincherMCP/pincher/internal/server/server.go:966.15,968.3 1 1
github.com/pincherMCP/pincher/internal/server/server.go:970.2,980.60 3 1
github.com/pincherMCP/pincher/internal/server/server.go:980.60,981.64 1 1
github.com/pincherMCP/pincher/internal/server/server.go:981.64,992.4 2 1
github.com/pincherMCP/pincher/internal/server/server.go:995.2,999.50 2 1
github.com/pincherMCP/pincher/internal/server/server.go:1009.112,1036.2 11 1
github.com/pincherMCP/pincher/internal/server/server.go:1038.48,1043.2 1 1
github.com/pincherMCP/pincher/internal/server/server.go:1049.57,1050.36 1 1
github.com/pincherMCP/pincher/internal/server/server.go:1050.36,1052.3 1 1
github.com/pincherMCP/pincher/internal/server/server.go:1053.2,1055.14 3 1
github.com/pincherMCP/pincher/internal/server/server.go:1055.14,1057.3 1 1
github.com/pincherMCP/pincher/internal/server/server.go:1058.2,1058.10 1 1
github.com/pincherMCP/pincher/internal/server/server.go:1061.50,1064.2 2 1
github.com/pincherMCP/pincher/internal/server/server.go:1066.57,1068.9 2 1
github.com/pincherMCP/pincher/internal/server/server.go:1068.9,1070.3 1 1
github.com/pincherMCP/pincher/internal/server/server.go:1071.2,1072.9 2 1
github.com/pincherMCP/pincher/internal/server/server.go:1072.9,1074.3 1 0
github.com/pincherMCP/pincher/internal/server/server.go:1075.2,1076.27 2 1
github.com/pincherMCP/pincher/internal/server/server.go:1076.27,1077.33 1 1
github.com/pincherMCP/pincher/internal/server/server.go:1077.33,1079.4 1 1
github.com/pincherMCP/pincher/internal/server/server.go:1081.2,1081.12 1 1
github.com/pincherMCP/pincher/internal/server/server.go:1084.59,1086.9 2 1
github.com/pincherMCP/pincher/internal/server/server.go:1086.9,1088.3 1 1
github.com/pincherMCP/pincher/internal/server/server.go:1089.2,1089.30 1 1
github.com/pincherMCP/pincher/internal/server/server.go:1089.30,1091.3 1 1
github.com/pincherMCP/pincher/internal/server/server.go:1092.2,1092.12 1 0
github.com/pincherMCP/pincher/internal/server/server.go:1095.52,1098.2 2 1
github.com/pincherMCP/pincher/internal/server/server.go:1100.69,1102.9 2 1
github.com/pincherMCP/pincher/internal/server/server.go:1102.9,1104.3 1 1
github.com/pincherMCP/pincher/internal/server/server.go:1105.2,1106.9 2 1
github.com/pincherMCP/pincher/internal/server/server.go:1106.9,1108.3 1 0
github.com/pincherMCP/pincher/internal/server/server.go:1109.2,1109.10 1 1
github.com/pincherMCP/pincher/internal/server/server.go:1116.53,1118.15 2 1
github.com/pincherMCP/pincher/internal/server/server.go:1119.16,1120.34 1 1
github.com/pincherMCP/pincher/internal/server/server.go:1121.13,1122.30 1 1
github.com/pincherMCP/pincher/internal/server/server.go:1124.2,1127.16 4 1
github.com/pincherMCP/pincher/internal/server/server.go:1127.16,1129.3 1 1
github.com/pincherMCP/pincher/internal/server/server.go:1130.2,1130.25 1 1
github.com/pincherMCP/pincher/internal/server/server.go:1133.46,1135.49 2 1
github.com/pincherMCP/pincher/internal/server/server.go:1135.49,1137.50 2 1
github.com/pincherMCP/pincher/internal/server/server.go:1137.50,1139.4 1 1
github.com/pincherMCP/pincher/internal/server/server.go:1141.2,1141.14 1 1
github.com/pincherMCP/pincher/internal/server/server.go:1144.34,1145.15 1 1
github.com/pincherMCP/pincher/internal/server/server.go:1146.9,1147.20 1 1
github.com/pincherMCP/pincher/internal/server/server.go:1148.9,1149.16 1 1
github.com/pincherMCP/pincher/internal/server/server.go:1150.9,1151.18 1 1
github.com/pincherMCP/pincher/internal/server/server.go:1152.10,1153.15 1 1
github.com/pincherMCP/pincher/internal/server/server.go:1157.24,1158.11 1 1
github.com/pincherMCP/pincher/internal/server/server.go:1158.11,1160.3 1 1
github.com/pincherMCP/pincher/internal/server/server.go:1161.2,1161.10 1 1
